Build started 17/11/2015 18:58:40.
Project "D:\Projets\Perso\Pathfinder-fr\WikiExportParser\build.proj" on node 1 (Build target(s)).
Building with tools version "14.0".
Project file contains ToolsVersion="4.0". This toolset may be unknown or missing, in which case you may be able to resolve this by installing the appropriate version of MSBuild, or the build may have been forced to a particular ToolsVersion for policy reasons. Treating the project as if it had ToolsVersion="14.0". For more information, please see http://go.microsoft.com/fwlink/?LinkId=293424.
Target "Restore" in project "D:\Projets\Perso\Pathfinder-fr\WikiExportParser\build.proj" (target "Build" depends on it):
Using "Exec" task from assembly "Microsoft.Build.Tasks.Core, Version=14.0.0.0, Culture=neutral, PublicKeyToken=b03f5f7f11d50a3a".
Task "Exec"
  D:\Projets\Perso\Pathfinder-fr\WikiExportParser\Tools\nuget.exe restore D:\Projets\Perso\Pathfinder-fr\WikiExportParser\Src\WikiExportParser.sln
  Installing 'CsvHelper 2.2.2'.
  Installing 'Newtonsoft.Json 6.0.7'.
  Successfully installed 'Newtonsoft.Json 6.0.7'.
  Successfully installed 'CsvHelper 2.2.2'.
Done executing task "Exec".
Done building target "Restore" in project "build.proj".
Target "Restore" skipped. Previously built successfully.
Target "Compile" in project "D:\Projets\Perso\Pathfinder-fr\WikiExportParser\build.proj" (target "Build" depends on it):
Using "MSBuild" task from assembly "Microsoft.Build.Tasks.Core, Version=14.0.0.0, Culture=neutral, PublicKeyToken=b03f5f7f11d50a3a".
Task "MSBuild"
  Global Properties:
    Configuration=Release
    OutDir=D:\Projets\Perso\Pathfinder-fr\WikiExportParser\Bin\
Project "D:\Projets\Perso\Pathfinder-fr\WikiExportParser\build.proj" (1) is building "D:\Projets\Perso\Pathfinder-fr\WikiExportParser\Src\WikiExportParser.sln" (2) on node 1 (Build target(s)).
Building with tools version "2.0".
Target "ValidateSolutionConfiguration" in file "D:\Projets\Perso\Pathfinder-fr\WikiExportParser\Src\WikiExportParser.sln.metaproj" from project "D:\Projets\Perso\Pathfinder-fr\WikiExportParser\Src\WikiExportParser.sln" (entry point):
Task "Error" skipped, due to false condition; (('$(CurrentSolutionConfigurationContents)' == '') and ('$(SkipInvalidConfigurations)' != 'true')) was evaluated as (('<SolutionConfiguration>
  <ProjectConfiguration Project="{57FEE0AC-D2C8-4FAD-854D-3C2E19186361}" AbsolutePath="D:\Projets\Perso\Pathfinder-fr\WikiExportParser\Src\Console\Console.csproj" BuildProjectInSolution="True">Release|x86</ProjectConfiguration>
</SolutionConfiguration>' == '') and ('' != 'true')).
Task "Warning" skipped, due to false condition; (('$(CurrentSolutionConfigurationContents)' == '') and ('$(SkipInvalidConfigurations)' == 'true')) was evaluated as (('<SolutionConfiguration>
  <ProjectConfiguration Project="{57FEE0AC-D2C8-4FAD-854D-3C2E19186361}" AbsolutePath="D:\Projets\Perso\Pathfinder-fr\WikiExportParser\Src\Console\Console.csproj" BuildProjectInSolution="True">Release|x86</ProjectConfiguration>
</SolutionConfiguration>' == '') and ('' == 'true')).
Using "Message" task from assembly "Microsoft.Build.Tasks.Core, Version=14.0.0.0, Culture=neutral, PublicKeyToken=b03f5f7f11d50a3a".
Task "Message"
  Building solution configuration "Release|Mixed Platforms".
Done executing task "Message".
Done building target "ValidateSolutionConfiguration" in project "WikiExportParser.sln".
Target "ValidateToolsVersions" in file "D:\Projets\Perso\Pathfinder-fr\WikiExportParser\Src\WikiExportParser.sln.metaproj" from project "D:\Projets\Perso\Pathfinder-fr\WikiExportParser\Src\WikiExportParser.sln" (entry point):
Task "Error" skipped, due to false condition; ('$(MSBuildToolsVersion)' == '2.0' and ('$(ProjectToolsVersion)' != '2.0' and '$(ProjectToolsVersion)' != '')) was evaluated as ('14.0' == '2.0' and ('' != '2.0' and '' != '')).
Done building target "ValidateToolsVersions" in project "WikiExportParser.sln".
Target "ValidateProjects" in file "D:\Projets\Perso\Pathfinder-fr\WikiExportParser\Src\WikiExportParser.sln.metaproj" from project "D:\Projets\Perso\Pathfinder-fr\WikiExportParser\Src\WikiExportParser.sln" (entry point):
Task "Message" skipped, due to false condition; ( ('$(Configuration)' == 'Debug') and ('$(Platform)' == 'Any CPU') ) was evaluated as ( ('Release' == 'Debug') and ('Mixed Platforms' == 'Any CPU') ).
Task "Message" skipped, due to false condition; ( ('$(Configuration)' == 'Release') and ('$(Platform)' == 'Any CPU') ) was evaluated as ( ('Release' == 'Release') and ('Mixed Platforms' == 'Any CPU') ).
Done building target "ValidateProjects" in project "WikiExportParser.sln".
Target "Build" in file "D:\Projets\Perso\Pathfinder-fr\WikiExportParser\Src\WikiExportParser.sln.metaproj" from project "D:\Projets\Perso\Pathfinder-fr\WikiExportParser\Src\WikiExportParser.sln" (entry point):
Using "MSBuild" task from assembly "Microsoft.Build.Tasks.Core, Version=14.0.0.0, Culture=neutral, PublicKeyToken=b03f5f7f11d50a3a".
Task "MSBuild"
  Global Properties:
    BuildingSolutionFile=true
    CurrentSolutionConfigurationContents=<SolutionConfiguration>
    <ProjectConfiguration Project="{57FEE0AC-D2C8-4FAD-854D-3C2E19186361}" AbsolutePath="D:\Projets\Perso\Pathfinder-fr\WikiExportParser\Src\Console\Console.csproj" BuildProjectInSolution="True">Release|x86</ProjectConfiguration>
  </SolutionConfiguration>
    SolutionDir=D:\Projets\Perso\Pathfinder-fr\WikiExportParser\Src\
    SolutionExt=.sln
    SolutionFileName=WikiExportParser.sln
    SolutionName=WikiExportParser
    SolutionPath=D:\Projets\Perso\Pathfinder-fr\WikiExportParser\Src\WikiExportParser.sln
  Additional Properties for project "D:\Projets\Perso\Pathfinder-fr\WikiExportParser\Src\Console\Console.csproj":
    Configuration=Release
    Platform=x86
Overriding target "GetFrameworkPaths" in project "C:\Program Files (x86)\MSBuild\14.0\bin\Microsoft.Common.CurrentVersion.targets" with target "GetFrameworkPaths" from project "C:\Program Files (x86)\MSBuild\14.0\bin\Microsoft.NetFramework.CurrentVersion.targets".
Overriding target "SatelliteDllsProjectOutputGroup" in project "C:\Program Files (x86)\MSBuild\14.0\bin\Microsoft.Common.CurrentVersion.targets" with target "SatelliteDllsProjectOutputGroup" from project "C:\Windows\Microsoft.NET\Framework\v4.0.30319\Microsoft.WinFx.targets".
The target "BeforeGenerateProjectPriFile" listed in a BeforeTargets attribute at "C:\Program Files (x86)\MSBuild\Microsoft\NuGet\Microsoft.NuGet.targets (156,61)" does not exist in the project, and will be ignored.
Project "D:\Projets\Perso\Pathfinder-fr\WikiExportParser\Src\WikiExportParser.sln" (2) is building "D:\Projets\Perso\Pathfinder-fr\WikiExportParser\Src\Console\Console.csproj" (3) on node 1 (default targets).
Building with tools version "14.0".
Project file contains ToolsVersion="4.0". This toolset may be unknown or missing, in which case you may be able to resolve this by installing the appropriate version of MSBuild, or the build may have been forced to a particular ToolsVersion for policy reasons. Treating the project as if it had ToolsVersion="14.0". For more information, please see http://go.microsoft.com/fwlink/?LinkId=293424.
Target "_CheckForInvalidConfigurationAndPlatform" in file "C:\Program Files (x86)\MSBuild\14.0\bin\Microsoft.Common.CurrentVersion.targets" from project "D:\Projets\Perso\Pathfinder-fr\WikiExportParser\Src\Console\Console.csproj" (entry point):
Task "Error" skipped, due to false condition; ( '$(_InvalidConfigurationError)' == 'true' ) was evaluated as ( '' == 'true' ).
Task "Warning" skipped, due to false condition; ( '$(_InvalidConfigurationWarning)' == 'true' ) was evaluated as ( '' == 'true' ).
Using "Message" task from assembly "Microsoft.Build.Tasks.Core, Version=14.0.0.0, Culture=neutral, PublicKeyToken=b03f5f7f11d50a3a".
Task "Message"
  Configuration=Release
Done executing task "Message".
Task "Message"
  Platform=x86
Done executing task "Message".
Task "Error" skipped, due to false condition; ('$(OutDir)' != '' and !HasTrailingSlash('$(OutDir)')) was evaluated as ('D:\Projets\Perso\Pathfinder-fr\WikiExportParser\Bin\' != '' and !HasTrailingSlash('D:\Projets\Perso\Pathfinder-fr\WikiExportParser\Bin\')).
Task "Error" skipped, due to false condition; ('$(BaseIntermediateOutputPath)' != '' and !HasTrailingSlash('$(BaseIntermediateOutputPath)')) was evaluated as ('obj\' != '' and !HasTrailingSlash('obj\')).
Task "Error" skipped, due to false condition; ('$(IntermediateOutputPath)' != '' and !HasTrailingSlash('$(IntermediateOutputPath)')) was evaluated as ('obj\x86\Release\' != '' and !HasTrailingSlash('obj\x86\Release\')).
Done building target "_CheckForInvalidConfigurationAndPlatform" in project "Console.csproj".
Target "EntityDeploy" skipped, due to false condition; ('@(EntityDeploy)' != '') was evaluated as ('' != '').
Target "BeforeBuild" in file "C:\Program Files (x86)\MSBuild\14.0\bin\Microsoft.Common.CurrentVersion.targets" from project "D:\Projets\Perso\Pathfinder-fr\WikiExportParser\Src\Console\Console.csproj" (target "Build" depends on it):
Done building target "BeforeBuild" in project "Console.csproj".
Target "BuildOnlySettings" in file "C:\Program Files (x86)\MSBuild\14.0\bin\Microsoft.Common.CurrentVersion.targets" from project "D:\Projets\Perso\Pathfinder-fr\WikiExportParser\Src\Console\Console.csproj" (target "CoreBuild" depends on it):
Done building target "BuildOnlySettings" in project "Console.csproj".
Target "GetFrameworkPaths" in file "C:\Program Files (x86)\MSBuild\14.0\bin\Microsoft.NetFramework.CurrentVersion.targets" from project "D:\Projets\Perso\Pathfinder-fr\WikiExportParser\Src\Console\Console.csproj" (target "PrepareForBuild" depends on it):
Done building target "GetFrameworkPaths" in project "Console.csproj".
Target "GetWinFXPath" skipped, due to false condition; (('@(Page)' != '' or '@(ApplicationDefinition)' != '' or '@(Resource)' != '') and ('$(GetWinFXNativePath)' != '' or '$(GetWinFXWoWPath)' != '' )) was evaluated as (('' != '' or '' != '' or '' != '') and ('' != '' or '' != '' )).
Target "GetReferenceAssemblyPaths" in file "C:\Program Files (x86)\MSBuild\14.0\bin\Microsoft.Common.CurrentVersion.targets" from project "D:\Projets\Perso\Pathfinder-fr\WikiExportParser\Src\Console\Console.csproj" (target "PrepareForBuild" depends on it):
Task "GetReferenceAssemblyPaths" skipped, due to false condition; ('$(TargetFrameworkMoniker)' != '' and ('$(_TargetFrameworkDirectories)' == '' or '$(_FullFrameworkReferenceAssemblyPaths)' == '')) was evaluated as ('.NETFramework,Version=v4.0' != '' and ('C:\Program Files (x86)\Reference Assemblies\Microsoft\Framework\.NETFramework\v4.0' == '' or 'C:\Program Files (x86)\Reference Assemblies\Microsoft\Framework\.NETFramework\v4.0' == '')).
Done building target "GetReferenceAssemblyPaths" in project "Console.csproj".
Target "AssignLinkMetadata" skipped, due to false condition; ( '$(SynthesizeLinkMetadata)' == 'true' ) was evaluated as ( '' == 'true' ).
Target "PrepareForBuild" in file "C:\Program Files (x86)\MSBuild\14.0\bin\Microsoft.Common.CurrentVersion.targets" from project "D:\Projets\Perso\Pathfinder-fr\WikiExportParser\Src\Console\Console.csproj" (target "CoreBuild" depends on it):
Using "FindAppConfigFile" task from assembly "Microsoft.Build.Tasks.Core, Version=14.0.0.0, Culture=neutral, PublicKeyToken=b03f5f7f11d50a3a".
Task "FindAppConfigFile"
Done executing task "FindAppConfigFile".
Using "MakeDir" task from assembly "Microsoft.Build.Tasks.Core, Version=14.0.0.0, Culture=neutral, PublicKeyToken=b03f5f7f11d50a3a".
Task "MakeDir"
  Creating directory "D:\Projets\Perso\Pathfinder-fr\WikiExportParser\Bin\".
  Creating directory "obj\x86\Release\".
Done executing task "MakeDir".
Done building target "PrepareForBuild" in project "Console.csproj".
Target "PreBuildEvent" skipped, due to false condition; ('$(PreBuildEvent)'!='') was evaluated as (''!='').
Target "BeforeResolveReferences" in file "C:\Program Files (x86)\MSBuild\14.0\bin\Microsoft.Common.CurrentVersion.targets" from project "D:\Projets\Perso\Pathfinder-fr\WikiExportParser\Src\Console\Console.csproj" (target "ResolveReferences" depends on it):
Done building target "BeforeResolveReferences" in project "Console.csproj".
Target "AssignProjectConfiguration" in file "C:\Program Files (x86)\MSBuild\14.0\bin\Microsoft.Common.CurrentVersion.targets" from project "D:\Projets\Perso\Pathfinder-fr\WikiExportParser\Src\Console\Console.csproj" (target "ResolveReferences" depends on it):
Using "AssignProjectConfiguration" task from assembly "Microsoft.Build.Tasks.Core, Version=14.0.0.0, Culture=neutral, PublicKeyToken=b03f5f7f11d50a3a".
Task "AssignProjectConfiguration"
Done executing task "AssignProjectConfiguration".
Done building target "AssignProjectConfiguration" in project "Console.csproj".
Target "AssignProjectConfiguration" skipped. Previously built successfully.
Target "_SplitProjectReferencesByFileExistence" in file "C:\Program Files (x86)\MSBuild\14.0\bin\Microsoft.Common.CurrentVersion.targets" from project "D:\Projets\Perso\Pathfinder-fr\WikiExportParser\Src\Console\Console.csproj" (target "ResolveProjectReferences" depends on it):
Task "ResolveNonMSBuildProjectOutput" skipped, due to false condition; ('$(BuildingInsideVisualStudio)'=='true' and '@(ProjectReferenceWithConfiguration)'!='') was evaluated as (''=='true' and ''!='').
Done building target "_SplitProjectReferencesByFileExistence" in project "Console.csproj".
Target "ResolveProjectReferences" in file "C:\Program Files (x86)\MSBuild\14.0\bin\Microsoft.Common.CurrentVersion.targets" from project "D:\Projets\Perso\Pathfinder-fr\WikiExportParser\Src\Console\Console.csproj" (target "ResolveReferences" depends on it):
Task "MSBuild" skipped, due to false condition; ('%(_MSBuildProjectReferenceExistent.BuildReference)' == 'true' and '@(ProjectReferenceWithConfiguration)' != '' and ('$(BuildingInsideVisualStudio)' == 'true' or '$(BuildProjectReferences)' != 'true') and '$(VisualStudioVersion)' != '10.0' and '@(_MSBuildProjectReferenceExistent)' != '') was evaluated as ('' == 'true' and '' != '' and ('' == 'true' or 'true' != 'true') and '14.0' != '10.0' and '' != '').
Task "MSBuild" skipped, due to false condition; ('%(_MSBuildProjectReferenceExistent.BuildReference)' == 'true' and '@(ProjectReferenceWithConfiguration)' != '' and ('$(BuildingInsideVisualStudio)' == 'true' or '$(BuildProjectReferences)' != 'true') and '$(VisualStudioVersion)' == '10.0' and '@(_MSBuildProjectReferenceExistent)' != '') was evaluated as ('' == 'true' and '' != '' and ('' == 'true' or 'true' != 'true') and '14.0' == '10.0' and '' != '').
Task "MSBuild" skipped, due to false condition; ('%(_MSBuildProjectReferenceExistent.BuildReference)' == 'true' and '@(ProjectReferenceWithConfiguration)' != '' and '$(BuildingInsideVisualStudio)' != 'true' and '$(BuildProjectReferences)' == 'true' and '@(_MSBuildProjectReferenceExistent)' != '') was evaluated as ('' == 'true' and '' != '' and '' != 'true' and 'true' == 'true' and '' != '').
Task "MSBuild" skipped, due to false condition; ('%(_MSBuildProjectReferenceExistent.BuildReference)' == 'true' and '@(ProjectReferenceWithConfiguration)' != '' and '$(BuildingProject)' == 'true' and '@(_MSBuildProjectReferenceExistent)' != '') was evaluated as ('' == 'true' and '' != '' and 'true' == 'true' and '' != '').
Task "Warning" skipped, due to false condition; ('@(ProjectReferenceWithConfiguration)' != '' and '@(_MSBuildProjectReferenceNonexistent)' != '') was evaluated as ('' != '' and '' != '').
Done building target "ResolveProjectReferences" in project "Console.csproj".
Target "FindInvalidProjectReferences" skipped, due to false condition; ('$(FindInvalidProjectReferences)' == 'true') was evaluated as ('' == 'true').
Target "ResolveNativeReferences" skipped, due to false condition; ('@(NativeReference)'!='') was evaluated as (''!='').
Target "GetFrameworkPaths" skipped. Previously built successfully.
Target "GetReferenceAssemblyPaths" skipped. Previously built successfully.
Target "PrepareForBuild" skipped. Previously built successfully.
Target "GetInstalledSDKLocations" in file "C:\Program Files (x86)\MSBuild\14.0\bin\Microsoft.Common.CurrentVersion.targets" from project "D:\Projets\Perso\Pathfinder-fr\WikiExportParser\Src\Console\Console.csproj" (target "ResolveSDKReferences" depends on it):
Task "GetInstalledSDKLocations" skipped, due to false condition; ('@(SDKReference)' != '') was evaluated as ('' != '').
Task "GetInstalledSDKLocations" skipped, due to false condition; ('@(SDKReference)' != '' and '$(SupportWindows81SDKs)' == 'true' and '$(TargetPlatformIdentifierWindows81)' != '' and '$(TargetPlatformVersionWindows81)' != '') was evaluated as ('' != '' and '' == 'true' and '' != '' and '' != '').
Task "GetInstalledSDKLocations" skipped, due to false condition; ('@(SDKReference)' != '' and '$(SupportWindowsPhone81SDKs)' == 'true' and '$(TargetPlatformIdentifierWindowsPhone81)' != '' and '$(TargetPlatformVersionWindowsPhone81)' != '') was evaluated as ('' != '' and '' == 'true' and '' != '' and '' != '').
Done building target "GetInstalledSDKLocations" in project "Console.csproj".
Target "ResolveSDKReferences" in file "C:\Program Files (x86)\MSBuild\14.0\bin\Microsoft.Common.CurrentVersion.targets" from project "D:\Projets\Perso\Pathfinder-fr\WikiExportParser\Src\Console\Console.csproj" (target "ResolveAssemblyReferences" depends on it):
Task "ResolveSDKReference" skipped, due to false condition; ('@(SDKReference)'!='') was evaluated as (''!='').
Done building target "ResolveSDKReferences" in project "Console.csproj".
Target "ResolveSDKReferences" skipped. Previously built successfully.
Target "ExpandSDKReferences" in file "C:\Program Files (x86)\MSBuild\14.0\bin\Microsoft.Common.CurrentVersion.targets" from project "D:\Projets\Perso\Pathfinder-fr\WikiExportParser\Src\Console\Console.csproj" (target "ResolveAssemblyReferences" depends on it):
Task "GetSDKReferenceFiles" skipped, due to false condition; ('@(ResolvedSDKReference)'!='') was evaluated as (''!='').
Done building target "ExpandSDKReferences" in project "Console.csproj".
Target "ResolveNuGetPackageAssets" skipped, due to false condition; ('$(ResolveNuGetPackages)' == 'true' and exists('$(ProjectLockFile)')) was evaluated as ('true' == 'true' and exists('project.lock.json')).
Target "FakesGenerateBeforeBuild" skipped, due to false condition; (@(Fakes) != '' AND $(BuildingProject)) was evaluated as ( != '' AND true).
Target "ResolveAssemblyReferences" in file "C:\Program Files (x86)\MSBuild\14.0\bin\Microsoft.Common.CurrentVersion.targets" from project "D:\Projets\Perso\Pathfinder-fr\WikiExportParser\Src\Console\Console.csproj" (target "ResolveReferences" depends on it):
Using "ResolveAssemblyReference" task from assembly "Microsoft.Build.Tasks.Core, Version=14.0.0.0, Culture=neutral, PublicKeyToken=b03f5f7f11d50a3a".
Task "ResolveAssemblyReference"
  TargetFrameworkMoniker:
      .NETFramework,Version=v4.0
  TargetFrameworkMonikerDisplayName:
      .NET Framework 4
  TargetedRuntimeVersion:
      v4.0.30319
  Assemblies:
      CsvHelper
          HintPath = '..\packages\CsvHelper.2.2.2\lib\net40-client\CsvHelper.dll'
      Newtonsoft.Json, Version=6.0.0.0, Culture=neutral, PublicKeyToken=30ad4fe6b2a6aeed, processorArchitecture=MSIL
          HintPath = '..\packages\Newtonsoft.Json.6.0.7\lib\net40\Newtonsoft.Json.dll'
          SpecificVersion = 'False'
      PathfinderDb.Schema
          HintPath = '..\..\Lib\PathfinderDb.Schema.dll'
      System
      System.Xml.Linq
      System.Data.DataSetExtensions
      Microsoft.CSharp
      System.Data
      System.Xml
      System.Core
  AssemblyFiles:
      C:\Program Files (x86)\Reference Assemblies\Microsoft\Framework\.NETFramework\v4.0\mscorlib.dll
  CandidateAssemblyFiles:
  TargetFrameworkDirectories:
      C:\Program Files (x86)\Reference Assemblies\Microsoft\Framework\.NETFramework\v4.0
  InstalledAssemblyTables:
  IgnoreInstalledAssemblyTable:
      False
  SearchPaths:
      {CandidateAssemblyFiles}
      {HintPathFromItem}
      {TargetFrameworkDirectory}
      {Registry:Software\Microsoft\.NETFramework,v4.0,AssemblyFoldersEx}
      {AssemblyFolders}
      {GAC}
      {RawFileName}
      D:\Projets\Perso\Pathfinder-fr\WikiExportParser\Bin\
  AllowedAssemblyExtensions:
      .winmd
      .dll
      .exe
  AllowedRelatedFileExtensions:
      .pdb
      .xml
      .pri
  AppConfigFile:
      
  AutoUnify:
      False
  CopyLocalDependenciesWhenParentReferenceInGac:
      True
  FindDependencies:
      True
  TargetProcessorArchitecture:
      x86
  StateFile:
      obj\x86\Release\Console.csprojResolveAssemblyReference.cache
  InstalledAssemblySubsetTables:
  IgnoreInstalledAssemblySubsetTable:
      False
  TargetFrameworkSubsets:
  FullTargetFrameworkSubsetNames:
      Full
  ProfileName:
      
  FullFrameworkFolders:
      C:\Program Files (x86)\Reference Assemblies\Microsoft\Framework\.NETFramework\v4.0
  LatestTargetFrameworkDirectories:
  ProfileTablesLocation:
  Primary reference "mscorlib, Version=4.0.0.0, Culture=neutral, PublicKeyToken=b77a5c561934e089".
      Resolved file path is "C:\Program Files (x86)\Reference Assemblies\Microsoft\Framework\.NETFramework\v4.0\mscorlib.dll".
      Reference found at search path location "C:\Program Files (x86)\Reference Assemblies\Microsoft\Framework\.NETFramework\v4.0\mscorlib.dll".
      This reference is not "CopyLocal" because it's a prerequisite file.
      The ImageRuntimeVersion for this reference is "v4.0.30319".
  Primary reference "CsvHelper, Version=2.0.0.0, Culture=neutral, PublicKeyToken=8c4959082be5c823".
      Resolved file path is "D:\Projets\Perso\Pathfinder-fr\WikiExportParser\Src\packages\CsvHelper.2.2.2\lib\net40-client\CsvHelper.dll".
      Reference found at search path location "{HintPathFromItem}".
      Found related file "D:\Projets\Perso\Pathfinder-fr\WikiExportParser\Src\packages\CsvHelper.2.2.2\lib\net40-client\CsvHelper.pdb".
      Found related file "D:\Projets\Perso\Pathfinder-fr\WikiExportParser\Src\packages\CsvHelper.2.2.2\lib\net40-client\CsvHelper.xml".
      The ImageRuntimeVersion for this reference is "v4.0.30319".
  Primary reference "Newtonsoft.Json, Version=6.0.0.0, Culture=neutral, PublicKeyToken=30ad4fe6b2a6aeed".
      Resolved file path is "D:\Projets\Perso\Pathfinder-fr\WikiExportParser\Src\packages\Newtonsoft.Json.6.0.7\lib\net40\Newtonsoft.Json.dll".
      Reference found at search path location "{HintPathFromItem}".
      Found related file "D:\Projets\Perso\Pathfinder-fr\WikiExportParser\Src\packages\Newtonsoft.Json.6.0.7\lib\net40\Newtonsoft.Json.xml".
      The ImageRuntimeVersion for this reference is "v4.0.30319".
  Primary reference "PathfinderDb.Schema, Version=1.0.0.0, Culture=neutral, PublicKeyToken=null".
      Resolved file path is "D:\Projets\Perso\Pathfinder-fr\WikiExportParser\Lib\PathfinderDb.Schema.dll".
      Reference found at search path location "{HintPathFromItem}".
      Found related file "D:\Projets\Perso\Pathfinder-fr\WikiExportParser\Lib\PathfinderDb.Schema.pdb".
      Found related file "D:\Projets\Perso\Pathfinder-fr\WikiExportParser\Lib\PathfinderDb.Schema.xml".
      The ImageRuntimeVersion for this reference is "v4.0.30319".
  Primary reference "System, Version=4.0.0.0, Culture=neutral, PublicKeyToken=b77a5c561934e089".
      Resolved file path is "C:\Program Files (x86)\Reference Assemblies\Microsoft\Framework\.NETFramework\v4.0\System.dll".
      Reference found at search path location "{TargetFrameworkDirectory}".
          For SearchPath "{TargetFrameworkDirectory}".
          Considered "C:\Program Files (x86)\Reference Assemblies\Microsoft\Framework\.NETFramework\v4.0\System.winmd", but it didn't exist.
      This reference is not "CopyLocal" because it's a prerequisite file.
      The ImageRuntimeVersion for this reference is "v4.0.30319".
  Primary reference "System.Xml.Linq, Version=4.0.0.0, Culture=neutral, PublicKeyToken=b77a5c561934e089".
      Resolved file path is "C:\Program Files (x86)\Reference Assemblies\Microsoft\Framework\.NETFramework\v4.0\System.Xml.Linq.dll".
      Reference found at search path location "{TargetFrameworkDirectory}".
          For SearchPath "{TargetFrameworkDirectory}".
          Considered "C:\Program Files (x86)\Reference Assemblies\Microsoft\Framework\.NETFramework\v4.0\System.Xml.Linq.winmd", but it didn't exist.
      This reference is not "CopyLocal" because it's a prerequisite file.
      The ImageRuntimeVersion for this reference is "v4.0.30319".
  Primary reference "System.Data.DataSetExtensions, Version=4.0.0.0, Culture=neutral, PublicKeyToken=b77a5c561934e089".
      Resolved file path is "C:\Program Files (x86)\Reference Assemblies\Microsoft\Framework\.NETFramework\v4.0\System.Data.DataSetExtensions.dll".
      Reference found at search path location "{TargetFrameworkDirectory}".
          For SearchPath "{TargetFrameworkDirectory}".
          Considered "C:\Program Files (x86)\Reference Assemblies\Microsoft\Framework\.NETFramework\v4.0\System.Data.DataSetExtensions.winmd", but it didn't exist.
      This reference is not "CopyLocal" because it's a prerequisite file.
      The ImageRuntimeVersion for this reference is "v4.0.30319".
  Primary reference "Microsoft.CSharp, Version=4.0.0.0, Culture=neutral, PublicKeyToken=b03f5f7f11d50a3a".
      Resolved file path is "C:\Program Files (x86)\Reference Assemblies\Microsoft\Framework\.NETFramework\v4.0\Microsoft.CSharp.dll".
      Reference found at search path location "{TargetFrameworkDirectory}".
          For SearchPath "{TargetFrameworkDirectory}".
          Considered "C:\Program Files (x86)\Reference Assemblies\Microsoft\Framework\.NETFramework\v4.0\Microsoft.CSharp.winmd", but it didn't exist.
      This reference is not "CopyLocal" because it's a prerequisite file.
      The ImageRuntimeVersion for this reference is "v4.0.30319".
  Primary reference "System.Data, Version=4.0.0.0, Culture=neutral, PublicKeyToken=b77a5c561934e089".
      Resolved file path is "C:\Program Files (x86)\Reference Assemblies\Microsoft\Framework\.NETFramework\v4.0\System.Data.dll".
      Reference found at search path location "{TargetFrameworkDirectory}".
          For SearchPath "{TargetFrameworkDirectory}".
          Considered "C:\Program Files (x86)\Reference Assemblies\Microsoft\Framework\.NETFramework\v4.0\System.Data.winmd", but it didn't exist.
      This reference is not "CopyLocal" because it's a prerequisite file.
      The ImageRuntimeVersion for this reference is "v4.0.30319".
  Primary reference "System.Xml, Version=4.0.0.0, Culture=neutral, PublicKeyToken=b77a5c561934e089".
      Resolved file path is "C:\Program Files (x86)\Reference Assemblies\Microsoft\Framework\.NETFramework\v4.0\System.Xml.dll".
      Reference found at search path location "{TargetFrameworkDirectory}".
          For SearchPath "{TargetFrameworkDirectory}".
          Considered "C:\Program Files (x86)\Reference Assemblies\Microsoft\Framework\.NETFramework\v4.0\System.Xml.winmd", but it didn't exist.
      This reference is not "CopyLocal" because it's a prerequisite file.
      The ImageRuntimeVersion for this reference is "v4.0.30319".
  Primary reference "System.Core, Version=4.0.0.0, Culture=neutral, PublicKeyToken=b77a5c561934e089".
      Resolved file path is "C:\Program Files (x86)\Reference Assemblies\Microsoft\Framework\.NETFramework\v4.0\System.Core.dll".
      Reference found at search path location "{TargetFrameworkDirectory}".
          For SearchPath "{TargetFrameworkDirectory}".
          Considered "C:\Program Files (x86)\Reference Assemblies\Microsoft\Framework\.NETFramework\v4.0\System.Core.winmd", but it didn't exist.
      This reference is not "CopyLocal" because it's a prerequisite file.
      The ImageRuntimeVersion for this reference is "v4.0.30319".
  Dependency "System.Numerics, Version=4.0.0.0, Culture=neutral, PublicKeyToken=b77a5c561934e089".
      Resolved file path is "C:\Program Files (x86)\Reference Assemblies\Microsoft\Framework\.NETFramework\v4.0\System.Numerics.dll".
      Reference found at search path location "{TargetFrameworkDirectory}".
          For SearchPath "D:\Projets\Perso\Pathfinder-fr\WikiExportParser\Src\packages\Newtonsoft.Json.6.0.7\lib\net40".
          Considered "D:\Projets\Perso\Pathfinder-fr\WikiExportParser\Src\packages\Newtonsoft.Json.6.0.7\lib\net40\System.Numerics.winmd", but it didn't exist.
          Considered "D:\Projets\Perso\Pathfinder-fr\WikiExportParser\Src\packages\Newtonsoft.Json.6.0.7\lib\net40\System.Numerics.dll", but it didn't exist.
          Considered "D:\Projets\Perso\Pathfinder-fr\WikiExportParser\Src\packages\Newtonsoft.Json.6.0.7\lib\net40\System.Numerics.exe", but it didn't exist.
          For SearchPath "{TargetFrameworkDirectory}".
          Considered "C:\Program Files (x86)\Reference Assemblies\Microsoft\Framework\.NETFramework\v4.0\System.Numerics.winmd", but it didn't exist.
      Required by "Newtonsoft.Json, Version=6.0.0.0, Culture=neutral, PublicKeyToken=30ad4fe6b2a6aeed, processorArchitecture=MSIL".
      This reference is not "CopyLocal" because it's a prerequisite file.
      The ImageRuntimeVersion for this reference is "v4.0.30319".
  Dependency "System.Runtime.Serialization, Version=4.0.0.0, Culture=neutral, PublicKeyToken=b77a5c561934e089".
      Resolved file path is "C:\Program Files (x86)\Reference Assemblies\Microsoft\Framework\.NETFramework\v4.0\System.Runtime.Serialization.dll".
      Reference found at search path location "{TargetFrameworkDirectory}".
          For SearchPath "D:\Projets\Perso\Pathfinder-fr\WikiExportParser\Src\packages\Newtonsoft.Json.6.0.7\lib\net40".
          Considered "D:\Projets\Perso\Pathfinder-fr\WikiExportParser\Src\packages\Newtonsoft.Json.6.0.7\lib\net40\System.Runtime.Serialization.winmd", but it didn't exist.
          Considered "D:\Projets\Perso\Pathfinder-fr\WikiExportParser\Src\packages\Newtonsoft.Json.6.0.7\lib\net40\System.Runtime.Serialization.dll", but it didn't exist.
          Considered "D:\Projets\Perso\Pathfinder-fr\WikiExportParser\Src\packages\Newtonsoft.Json.6.0.7\lib\net40\System.Runtime.Serialization.exe", but it didn't exist.
          For SearchPath "{TargetFrameworkDirectory}".
          Considered "C:\Program Files (x86)\Reference Assemblies\Microsoft\Framework\.NETFramework\v4.0\System.Runtime.Serialization.winmd", but it didn't exist.
      Required by "Newtonsoft.Json, Version=6.0.0.0, Culture=neutral, PublicKeyToken=30ad4fe6b2a6aeed, processorArchitecture=MSIL".
      This reference is not "CopyLocal" because it's a prerequisite file.
      The ImageRuntimeVersion for this reference is "v4.0.30319".
  Dependency "mscorlib, Version=2.0.5.0, Culture=neutral, PublicKeyToken=7cec85d7bea7798e, Retargetable=Yes".
      Could not resolve this reference. Could not locate the assembly "mscorlib, Version=2.0.5.0, Culture=neutral, PublicKeyToken=7cec85d7bea7798e, Retargetable=Yes". Check to make sure the assembly exists on disk. If this reference is required by your code, you may get compilation errors.
          For SearchPath "D:\Projets\Perso\Pathfinder-fr\WikiExportParser\Lib".
          Considered "D:\Projets\Perso\Pathfinder-fr\WikiExportParser\Lib\mscorlib.winmd", but it didn't exist.
          Considered "D:\Projets\Perso\Pathfinder-fr\WikiExportParser\Lib\mscorlib.dll", but it didn't exist.
          Considered "D:\Projets\Perso\Pathfinder-fr\WikiExportParser\Lib\mscorlib.exe", but it didn't exist.
          For SearchPath "{TargetFrameworkDirectory}".
          Considered "C:\Program Files (x86)\Reference Assemblies\Microsoft\Framework\.NETFramework\v4.0\mscorlib.winmd", but it didn't exist.
          Considered "C:\Program Files (x86)\Reference Assemblies\Microsoft\Framework\.NETFramework\v4.0\mscorlib.dll", but its name "mscorlib, Version=4.0.0.0, Culture=neutral, PublicKeyToken=b77a5c561934e089" didn't match.
          Considered "C:\Program Files (x86)\Reference Assemblies\Microsoft\Framework\.NETFramework\v4.0\mscorlib.exe", but it didn't exist.
          For SearchPath "{Registry:Software\Microsoft\.NETFramework,v4.0,AssemblyFoldersEx}".
          Considered AssemblyFoldersEx locations.
          For SearchPath "{AssemblyFolders}".
          Considered "C:\Program Files (x86)\Reference Assemblies\Microsoft\Framework\v3.5\mscorlib.winmd", but it didn't exist.
          Considered "C:\Program Files (x86)\Reference Assemblies\Microsoft\Framework\v3.5\mscorlib.dll", but it didn't exist.
          Considered "C:\Program Files (x86)\Reference Assemblies\Microsoft\Framework\v3.5\mscorlib.exe", but it didn't exist.
          For SearchPath "{GAC}".
          Considered "mscorlib, Version=2.0.5.0, Culture=neutral, PublicKeyToken=7cec85d7bea7798e, Retargetable=Yes", which was not found in the GAC.
          For SearchPath "D:\Projets\Perso\Pathfinder-fr\WikiExportParser\Bin\".
          Considered "D:\Projets\Perso\Pathfinder-fr\WikiExportParser\Bin\mscorlib.winmd", but it didn't exist.
          Considered "D:\Projets\Perso\Pathfinder-fr\WikiExportParser\Bin\mscorlib.dll", but it didn't exist.
          Considered "D:\Projets\Perso\Pathfinder-fr\WikiExportParser\Bin\mscorlib.exe", but it didn't exist.
      Required by "PathfinderDb.Schema".
  Dependency "System.Xml, Version=2.0.5.0, Culture=neutral, PublicKeyToken=7cec85d7bea7798e, Retargetable=Yes".
      Could not resolve this reference. Could not locate the assembly "System.Xml, Version=2.0.5.0, Culture=neutral, PublicKeyToken=7cec85d7bea7798e, Retargetable=Yes". Check to make sure the assembly exists on disk. If this reference is required by your code, you may get compilation errors.
          For SearchPath "D:\Projets\Perso\Pathfinder-fr\WikiExportParser\Lib".
          Considered "D:\Projets\Perso\Pathfinder-fr\WikiExportParser\Lib\System.Xml.winmd", but it didn't exist.
          Considered "D:\Projets\Perso\Pathfinder-fr\WikiExportParser\Lib\System.Xml.dll", but it didn't exist.
          Considered "D:\Projets\Perso\Pathfinder-fr\WikiExportParser\Lib\System.Xml.exe", but it didn't exist.
          For SearchPath "{TargetFrameworkDirectory}".
          Considered "C:\Program Files (x86)\Reference Assemblies\Microsoft\Framework\.NETFramework\v4.0\System.Xml.winmd", but it didn't exist.
          Considered "C:\Program Files (x86)\Reference Assemblies\Microsoft\Framework\.NETFramework\v4.0\System.Xml.dll", but its name "System.Xml, Version=4.0.0.0, Culture=neutral, PublicKeyToken=b77a5c561934e089" didn't match.
          Considered "C:\Program Files (x86)\Reference Assemblies\Microsoft\Framework\.NETFramework\v4.0\System.Xml.exe", but it didn't exist.
          For SearchPath "{Registry:Software\Microsoft\.NETFramework,v4.0,AssemblyFoldersEx}".
          Considered AssemblyFoldersEx locations.
          For SearchPath "{AssemblyFolders}".
          Considered "C:\Program Files (x86)\Reference Assemblies\Microsoft\Framework\v3.5\System.Xml.winmd", but it didn't exist.
          Considered "C:\Program Files (x86)\Reference Assemblies\Microsoft\Framework\v3.5\System.Xml.dll", but it didn't exist.
          Considered "C:\Program Files (x86)\Reference Assemblies\Microsoft\Framework\v3.5\System.Xml.exe", but it didn't exist.
          For SearchPath "{GAC}".
          Considered "System.Xml, Version=2.0.5.0, Culture=neutral, PublicKeyToken=7cec85d7bea7798e, Retargetable=Yes", which was not found in the GAC.
          For SearchPath "D:\Projets\Perso\Pathfinder-fr\WikiExportParser\Bin\".
          Considered "D:\Projets\Perso\Pathfinder-fr\WikiExportParser\Bin\System.Xml.winmd", but it didn't exist.
          Considered "D:\Projets\Perso\Pathfinder-fr\WikiExportParser\Bin\System.Xml.dll", but it didn't exist.
          Considered "D:\Projets\Perso\Pathfinder-fr\WikiExportParser\Bin\System.Xml.exe", but it didn't exist.
      Required by "PathfinderDb.Schema".
  Dependency "System, Version=2.0.5.0, Culture=neutral, PublicKeyToken=7cec85d7bea7798e, Retargetable=Yes".
      Could not resolve this reference. Could not locate the assembly "System, Version=2.0.5.0, Culture=neutral, PublicKeyToken=7cec85d7bea7798e, Retargetable=Yes". Check to make sure the assembly exists on disk. If this reference is required by your code, you may get compilation errors.
          For SearchPath "D:\Projets\Perso\Pathfinder-fr\WikiExportParser\Lib".
          Considered "D:\Projets\Perso\Pathfinder-fr\WikiExportParser\Lib\System.winmd", but it didn't exist.
          Considered "D:\Projets\Perso\Pathfinder-fr\WikiExportParser\Lib\System.dll", but it didn't exist.
          Considered "D:\Projets\Perso\Pathfinder-fr\WikiExportParser\Lib\System.exe", but it didn't exist.
          For SearchPath "{TargetFrameworkDirectory}".
          Considered "C:\Program Files (x86)\Reference Assemblies\Microsoft\Framework\.NETFramework\v4.0\System.winmd", but it didn't exist.
          Considered "C:\Program Files (x86)\Reference Assemblies\Microsoft\Framework\.NETFramework\v4.0\System.dll", but its name "System, Version=4.0.0.0, Culture=neutral, PublicKeyToken=b77a5c561934e089" didn't match.
          Considered "C:\Program Files (x86)\Reference Assemblies\Microsoft\Framework\.NETFramework\v4.0\System.exe", but it didn't exist.
          For SearchPath "{Registry:Software\Microsoft\.NETFramework,v4.0,AssemblyFoldersEx}".
          Considered AssemblyFoldersEx locations.
          For SearchPath "{AssemblyFolders}".
          Considered "C:\Program Files (x86)\Reference Assemblies\Microsoft\Framework\v3.5\System.winmd", but it didn't exist.
          Considered "C:\Program Files (x86)\Reference Assemblies\Microsoft\Framework\v3.5\System.dll", but it didn't exist.
          Considered "C:\Program Files (x86)\Reference Assemblies\Microsoft\Framework\v3.5\System.exe", but it didn't exist.
          For SearchPath "{GAC}".
          Considered "System, Version=2.0.5.0, Culture=neutral, PublicKeyToken=7cec85d7bea7798e, Retargetable=Yes", which was not found in the GAC.
          For SearchPath "D:\Projets\Perso\Pathfinder-fr\WikiExportParser\Bin\".
          Considered "D:\Projets\Perso\Pathfinder-fr\WikiExportParser\Bin\System.winmd", but it didn't exist.
          Considered "D:\Projets\Perso\Pathfinder-fr\WikiExportParser\Bin\System.dll", but it didn't exist.
          Considered "D:\Projets\Perso\Pathfinder-fr\WikiExportParser\Bin\System.exe", but it didn't exist.
      Required by "PathfinderDb.Schema".
  Dependency "System.Xml.Serialization, Version=2.0.5.0, Culture=neutral, PublicKeyToken=31bf3856ad364e35, Retargetable=Yes".
      Could not resolve this reference. Could not locate the assembly "System.Xml.Serialization, Version=2.0.5.0, Culture=neutral, PublicKeyToken=31bf3856ad364e35, Retargetable=Yes". Check to make sure the assembly exists on disk. If this reference is required by your code, you may get compilation errors.
          For SearchPath "D:\Projets\Perso\Pathfinder-fr\WikiExportParser\Lib".
          Considered "D:\Projets\Perso\Pathfinder-fr\WikiExportParser\Lib\System.Xml.Serialization.winmd", but it didn't exist.
          Considered "D:\Projets\Perso\Pathfinder-fr\WikiExportParser\Lib\System.Xml.Serialization.dll", but it didn't exist.
          Considered "D:\Projets\Perso\Pathfinder-fr\WikiExportParser\Lib\System.Xml.Serialization.exe", but it didn't exist.
          For SearchPath "{TargetFrameworkDirectory}".
          Considered "C:\Program Files (x86)\Reference Assemblies\Microsoft\Framework\.NETFramework\v4.0\System.Xml.Serialization.winmd", but it didn't exist.
          Considered "C:\Program Files (x86)\Reference Assemblies\Microsoft\Framework\.NETFramework\v4.0\System.Xml.Serialization.dll", but it didn't exist.
          Considered "C:\Program Files (x86)\Reference Assemblies\Microsoft\Framework\.NETFramework\v4.0\System.Xml.Serialization.exe", but it didn't exist.
          For SearchPath "{Registry:Software\Microsoft\.NETFramework,v4.0,AssemblyFoldersEx}".
          Considered AssemblyFoldersEx locations.
          For SearchPath "{AssemblyFolders}".
          Considered "C:\Program Files (x86)\Reference Assemblies\Microsoft\Framework\v3.5\System.Xml.Serialization.winmd", but it didn't exist.
          Considered "C:\Program Files (x86)\Reference Assemblies\Microsoft\Framework\v3.5\System.Xml.Serialization.dll", but it didn't exist.
          Considered "C:\Program Files (x86)\Reference Assemblies\Microsoft\Framework\v3.5\System.Xml.Serialization.exe", but it didn't exist.
          For SearchPath "{GAC}".
          Considered "System.Xml.Serialization, Version=2.0.5.0, Culture=neutral, PublicKeyToken=31bf3856ad364e35, Retargetable=Yes", which was not found in the GAC.
          For SearchPath "D:\Projets\Perso\Pathfinder-fr\WikiExportParser\Bin\".
          Considered "D:\Projets\Perso\Pathfinder-fr\WikiExportParser\Bin\System.Xml.Serialization.winmd", but it didn't exist.
          Considered "D:\Projets\Perso\Pathfinder-fr\WikiExportParser\Bin\System.Xml.Serialization.dll", but it didn't exist.
          Considered "D:\Projets\Perso\Pathfinder-fr\WikiExportParser\Bin\System.Xml.Serialization.exe", but it didn't exist.
      Required by "PathfinderDb.Schema".
  Dependency "System.Core, Version=2.0.5.0, Culture=neutral, PublicKeyToken=7cec85d7bea7798e, Retargetable=Yes".
      Could not resolve this reference. Could not locate the assembly "System.Core, Version=2.0.5.0, Culture=neutral, PublicKeyToken=7cec85d7bea7798e, Retargetable=Yes". Check to make sure the assembly exists on disk. If this reference is required by your code, you may get compilation errors.
          For SearchPath "D:\Projets\Perso\Pathfinder-fr\WikiExportParser\Lib".
          Considered "D:\Projets\Perso\Pathfinder-fr\WikiExportParser\Lib\System.Core.winmd", but it didn't exist.
          Considered "D:\Projets\Perso\Pathfinder-fr\WikiExportParser\Lib\System.Core.dll", but it didn't exist.
          Considered "D:\Projets\Perso\Pathfinder-fr\WikiExportParser\Lib\System.Core.exe", but it didn't exist.
          For SearchPath "{TargetFrameworkDirectory}".
          Considered "C:\Program Files (x86)\Reference Assemblies\Microsoft\Framework\.NETFramework\v4.0\System.Core.winmd", but it didn't exist.
          Considered "C:\Program Files (x86)\Reference Assemblies\Microsoft\Framework\.NETFramework\v4.0\System.Core.dll", but its name "System.Core, Version=4.0.0.0, Culture=neutral, PublicKeyToken=b77a5c561934e089" didn't match.
          Considered "C:\Program Files (x86)\Reference Assemblies\Microsoft\Framework\.NETFramework\v4.0\System.Core.exe", but it didn't exist.
          For SearchPath "{Registry:Software\Microsoft\.NETFramework,v4.0,AssemblyFoldersEx}".
          Considered AssemblyFoldersEx locations.
          For SearchPath "{AssemblyFolders}".
          Considered "C:\Program Files (x86)\Reference Assemblies\Microsoft\Framework\v3.5\System.Core.winmd", but it didn't exist.
          Considered "C:\Program Files (x86)\Reference Assemblies\Microsoft\Framework\v3.5\System.Core.dll", but its name "System.Core, Version=3.5.0.0, Culture=neutral, PublicKeyToken=b77a5c561934e089" didn't match.
          Considered "C:\Program Files (x86)\Reference Assemblies\Microsoft\Framework\v3.5\System.Core.exe", but it didn't exist.
          For SearchPath "{GAC}".
          Considered "System.Core, Version=2.0.5.0, Culture=neutral, PublicKeyToken=7cec85d7bea7798e, Retargetable=Yes", which was not found in the GAC.
          For SearchPath "D:\Projets\Perso\Pathfinder-fr\WikiExportParser\Bin\".
          Considered "D:\Projets\Perso\Pathfinder-fr\WikiExportParser\Bin\System.Core.winmd", but it didn't exist.
          Considered "D:\Projets\Perso\Pathfinder-fr\WikiExportParser\Bin\System.Core.dll", but it didn't exist.
          Considered "D:\Projets\Perso\Pathfinder-fr\WikiExportParser\Bin\System.Core.exe", but it didn't exist.
      Required by "PathfinderDb.Schema".
  There was a conflict between "mscorlib, Version=4.0.0.0, Culture=neutral, PublicKeyToken=b77a5c561934e089" and "mscorlib, Version=2.0.5.0, Culture=neutral, PublicKeyToken=7cec85d7bea7798e, Retargetable=Yes".
      "mscorlib, Version=4.0.0.0, Culture=neutral, PublicKeyToken=b77a5c561934e089" was chosen because it was primary and "mscorlib, Version=2.0.5.0, Culture=neutral, PublicKeyToken=7cec85d7bea7798e, Retargetable=Yes" was not.
      References which depend on "mscorlib, Version=4.0.0.0, Culture=neutral, PublicKeyToken=b77a5c561934e089" [C:\Program Files (x86)\Reference Assemblies\Microsoft\Framework\.NETFramework\v4.0\mscorlib.dll].
          C:\Program Files (x86)\Reference Assemblies\Microsoft\Framework\.NETFramework\v4.0\mscorlib.dll
            Project file item includes which caused reference "C:\Program Files (x86)\Reference Assemblies\Microsoft\Framework\.NETFramework\v4.0\mscorlib.dll".
              Newtonsoft.Json, Version=6.0.0.0, Culture=neutral, PublicKeyToken=30ad4fe6b2a6aeed, processorArchitecture=MSIL
              C:\Program Files (x86)\Reference Assemblies\Microsoft\Framework\.NETFramework\v4.0\mscorlib.dll
              CsvHelper
          D:\Projets\Perso\Pathfinder-fr\WikiExportParser\Src\packages\CsvHelper.2.2.2\lib\net40-client\CsvHelper.dll
            Project file item includes which caused reference "D:\Projets\Perso\Pathfinder-fr\WikiExportParser\Src\packages\CsvHelper.2.2.2\lib\net40-client\CsvHelper.dll".
              CsvHelper
          D:\Projets\Perso\Pathfinder-fr\WikiExportParser\Src\packages\Newtonsoft.Json.6.0.7\lib\net40\Newtonsoft.Json.dll
            Project file item includes which caused reference "D:\Projets\Perso\Pathfinder-fr\WikiExportParser\Src\packages\Newtonsoft.Json.6.0.7\lib\net40\Newtonsoft.Json.dll".
              Newtonsoft.Json, Version=6.0.0.0, Culture=neutral, PublicKeyToken=30ad4fe6b2a6aeed, processorArchitecture=MSIL
      References which depend on "mscorlib, Version=2.0.5.0, Culture=neutral, PublicKeyToken=7cec85d7bea7798e, Retargetable=Yes" [].
          D:\Projets\Perso\Pathfinder-fr\WikiExportParser\Lib\PathfinderDb.Schema.dll
            Project file item includes which caused reference "D:\Projets\Perso\Pathfinder-fr\WikiExportParser\Lib\PathfinderDb.Schema.dll".
              PathfinderDb.Schema
  There was a conflict between "System.Xml, Version=4.0.0.0, Culture=neutral, PublicKeyToken=b77a5c561934e089" and "System.Xml, Version=2.0.5.0, Culture=neutral, PublicKeyToken=7cec85d7bea7798e, Retargetable=Yes".
      "System.Xml, Version=4.0.0.0, Culture=neutral, PublicKeyToken=b77a5c561934e089" was chosen because it was primary and "System.Xml, Version=2.0.5.0, Culture=neutral, PublicKeyToken=7cec85d7bea7798e, Retargetable=Yes" was not.
      References which depend on "System.Xml, Version=4.0.0.0, Culture=neutral, PublicKeyToken=b77a5c561934e089" [C:\Program Files (x86)\Reference Assemblies\Microsoft\Framework\.NETFramework\v4.0\System.Xml.dll].
          C:\Program Files (x86)\Reference Assemblies\Microsoft\Framework\.NETFramework\v4.0\System.Xml.dll
            Project file item includes which caused reference "C:\Program Files (x86)\Reference Assemblies\Microsoft\Framework\.NETFramework\v4.0\System.Xml.dll".
              Newtonsoft.Json, Version=6.0.0.0, Culture=neutral, PublicKeyToken=30ad4fe6b2a6aeed, processorArchitecture=MSIL
              System.Xml
          D:\Projets\Perso\Pathfinder-fr\WikiExportParser\Src\packages\Newtonsoft.Json.6.0.7\lib\net40\Newtonsoft.Json.dll
            Project file item includes which caused reference "D:\Projets\Perso\Pathfinder-fr\WikiExportParser\Src\packages\Newtonsoft.Json.6.0.7\lib\net40\Newtonsoft.Json.dll".
              Newtonsoft.Json, Version=6.0.0.0, Culture=neutral, PublicKeyToken=30ad4fe6b2a6aeed, processorArchitecture=MSIL
      References which depend on "System.Xml, Version=2.0.5.0, Culture=neutral, PublicKeyToken=7cec85d7bea7798e, Retargetable=Yes" [].
          D:\Projets\Perso\Pathfinder-fr\WikiExportParser\Lib\PathfinderDb.Schema.dll
            Project file item includes which caused reference "D:\Projets\Perso\Pathfinder-fr\WikiExportParser\Lib\PathfinderDb.Schema.dll".
              PathfinderDb.Schema
  There was a conflict between "System, Version=4.0.0.0, Culture=neutral, PublicKeyToken=b77a5c561934e089" and "System, Version=2.0.5.0, Culture=neutral, PublicKeyToken=7cec85d7bea7798e, Retargetable=Yes".
      "System, Version=4.0.0.0, Culture=neutral, PublicKeyToken=b77a5c561934e089" was chosen because it was primary and "System, Version=2.0.5.0, Culture=neutral, PublicKeyToken=7cec85d7bea7798e, Retargetable=Yes" was not.
      References which depend on "System, Version=4.0.0.0, Culture=neutral, PublicKeyToken=b77a5c561934e089" [C:\Program Files (x86)\Reference Assemblies\Microsoft\Framework\.NETFramework\v4.0\System.dll].
          C:\Program Files (x86)\Reference Assemblies\Microsoft\Framework\.NETFramework\v4.0\System.dll
            Project file item includes which caused reference "C:\Program Files (x86)\Reference Assemblies\Microsoft\Framework\.NETFramework\v4.0\System.dll".
              Newtonsoft.Json, Version=6.0.0.0, Culture=neutral, PublicKeyToken=30ad4fe6b2a6aeed, processorArchitecture=MSIL
              System
              CsvHelper
          D:\Projets\Perso\Pathfinder-fr\WikiExportParser\Src\packages\CsvHelper.2.2.2\lib\net40-client\CsvHelper.dll
            Project file item includes which caused reference "D:\Projets\Perso\Pathfinder-fr\WikiExportParser\Src\packages\CsvHelper.2.2.2\lib\net40-client\CsvHelper.dll".
              CsvHelper
          D:\Projets\Perso\Pathfinder-fr\WikiExportParser\Src\packages\Newtonsoft.Json.6.0.7\lib\net40\Newtonsoft.Json.dll
            Project file item includes which caused reference "D:\Projets\Perso\Pathfinder-fr\WikiExportParser\Src\packages\Newtonsoft.Json.6.0.7\lib\net40\Newtonsoft.Json.dll".
              Newtonsoft.Json, Version=6.0.0.0, Culture=neutral, PublicKeyToken=30ad4fe6b2a6aeed, processorArchitecture=MSIL
      References which depend on "System, Version=2.0.5.0, Culture=neutral, PublicKeyToken=7cec85d7bea7798e, Retargetable=Yes" [].
          D:\Projets\Perso\Pathfinder-fr\WikiExportParser\Lib\PathfinderDb.Schema.dll
            Project file item includes which caused reference "D:\Projets\Perso\Pathfinder-fr\WikiExportParser\Lib\PathfinderDb.Schema.dll".
              PathfinderDb.Schema
  There was a conflict between "System.Core, Version=4.0.0.0, Culture=neutral, PublicKeyToken=b77a5c561934e089" and "System.Core, Version=2.0.5.0, Culture=neutral, PublicKeyToken=7cec85d7bea7798e, Retargetable=Yes".
      "System.Core, Version=4.0.0.0, Culture=neutral, PublicKeyToken=b77a5c561934e089" was chosen because it was primary and "System.Core, Version=2.0.5.0, Culture=neutral, PublicKeyToken=7cec85d7bea7798e, Retargetable=Yes" was not.
      References which depend on "System.Core, Version=4.0.0.0, Culture=neutral, PublicKeyToken=b77a5c561934e089" [C:\Program Files (x86)\Reference Assemblies\Microsoft\Framework\.NETFramework\v4.0\System.Core.dll].
          C:\Program Files (x86)\Reference Assemblies\Microsoft\Framework\.NETFramework\v4.0\System.Core.dll
            Project file item includes which caused reference "C:\Program Files (x86)\Reference Assemblies\Microsoft\Framework\.NETFramework\v4.0\System.Core.dll".
              Newtonsoft.Json, Version=6.0.0.0, Culture=neutral, PublicKeyToken=30ad4fe6b2a6aeed, processorArchitecture=MSIL
              System.Core
              CsvHelper
          D:\Projets\Perso\Pathfinder-fr\WikiExportParser\Src\packages\CsvHelper.2.2.2\lib\net40-client\CsvHelper.dll
            Project file item includes which caused reference "D:\Projets\Perso\Pathfinder-fr\WikiExportParser\Src\packages\CsvHelper.2.2.2\lib\net40-client\CsvHelper.dll".
              CsvHelper
          D:\Projets\Perso\Pathfinder-fr\WikiExportParser\Src\packages\Newtonsoft.Json.6.0.7\lib\net40\Newtonsoft.Json.dll
            Project file item includes which caused reference "D:\Projets\Perso\Pathfinder-fr\WikiExportParser\Src\packages\Newtonsoft.Json.6.0.7\lib\net40\Newtonsoft.Json.dll".
              Newtonsoft.Json, Version=6.0.0.0, Culture=neutral, PublicKeyToken=30ad4fe6b2a6aeed, processorArchitecture=MSIL
      References which depend on "System.Core, Version=2.0.5.0, Culture=neutral, PublicKeyToken=7cec85d7bea7798e, Retargetable=Yes" [].
          D:\Projets\Perso\Pathfinder-fr\WikiExportParser\Lib\PathfinderDb.Schema.dll
            Project file item includes which caused reference "D:\Projets\Perso\Pathfinder-fr\WikiExportParser\Lib\PathfinderDb.Schema.dll".
              PathfinderDb.Schema
  AssemblyFoldersEx location: "{Registry:Software\Microsoft\.NETFramework,v4.0,AssemblyFoldersEx}"
          
          
          C:\Program Files\Microsoft SDKs\Azure\.NET SDK\v2.7\bin\plugins\Diagnostics\
          C:\Program Files\Microsoft SDKs\Azure\.NET SDK\v2.7\ref\Caching\
          C:\Program Files (x86)\Microsoft WCF Data Services\5.6.4\bin\.NETFramework\
          C:\Program Files (x86)\Microsoft Visual Studio 14.0\Common7\IDE\ReferenceAssemblies\v4.0\
          c:\Program Files (x86)\Microsoft Visual Studio 10.0\Common7\IDE\ReferenceAssemblies\v4.0\
          
          c:\Program Files (x86)\Microsoft SQL Server\120\DTS\Tasks
          c:\Program Files (x86)\Microsoft SQL Server\120\DTS\PipelineComponents\
          c:\Program Files (x86)\Microsoft SQL Server\120\DTS\ForEachEnumerators
          c:\Program Files (x86)\Microsoft SQL Server\120\DTS\Connections\
          c:\Program Files (x86)\Microsoft Visual Studio 10.0\ReportViewer\
          c:\Program Files (x86)\Microsoft Visual Studio 10.0\Common7\IDE\PublicAssemblies\
          c:\Program Files (x86)\Microsoft.NET\Primary Interop Assemblies\
          C:\Program Files (x86)\Microsoft SDKs\Expression\Blend\.NETFramework\v4.0\Prototyping\Libraries\
          C:\Program Files (x86)\Microsoft SDKs\Expression\Blend\.NETFramework\v4.0\Libraries\
          C:\Program Files (x86)\Microsoft ASP.NET\ASP.NET MVC 4\Assemblies\
          C:\Program Files (x86)\Microsoft Visual Studio 14.0\ReportViewer\
          C:\Program Files (x86)\Microsoft Visual Studio 14.0\VSSDK\VisualStudioIntegration\Common\Assemblies\v2.0\
          C:\Program Files (x86)\Microsoft Visual Studio 14.0\Common7\IDE\ReferenceAssemblies\v2.0\
          c:\Program Files (x86)\Microsoft Visual Studio 10.0\Common7\IDE\ReferenceAssemblies\v2.0\
          C:\Program Files\Microsoft SDKs\Azure\.NET SDK\v2.7\ref
          c:\Program Files (x86)\Microsoft Visual Studio 10.0\ReportViewer\
          C:\Program Files (x86)\Common Files\Microsoft Shared\MSEnv\PublicAssemblies\
          C:\Program Files (x86)\Microsoft Chart Controls\Assemblies
          C:\Program Files (x86)\Microsoft ASP.NET\ASP.NET MVC 2\Assemblies\
          c:\Program Files\Microsoft SQL Server\120\DTS\Tasks
          c:\Program Files\Microsoft SQL Server\120\DTS\PipelineComponents\
          c:\Program Files\Microsoft SQL Server\120\DTS\ForEachEnumerators
          c:\Program Files\Microsoft SQL Server\120\DTS\Connections\
          C:\Program Files\Microsoft SDKs\Azure\.NET SDK\v2.7\ref
Done executing task "ResolveAssemblyReference".
Done building target "ResolveAssemblyReferences" in project "Console.csproj".
Target "GenerateBindingRedirects" skipped, due to false condition; ('$(AutoGenerateBindingRedirects)' == 'true' and '$(GenerateBindingRedirectsOutputType)' == 'true') was evaluated as ('' == 'true' and 'true' == 'true').
Target "GenerateBindingRedirectsUpdateAppConfig" skipped, due to false condition; ('$(AutoGenerateBindingRedirects)' == 'true' and '$(GenerateBindingRedirectsOutputType)' == 'true' and Exists('$(_GenerateBindingRedirectsIntermediateAppConfig)')) was evaluated as ('' == 'true' and 'true' == 'true' and Exists('obj\x86\Release\Console.csproj.WikiExportParser.exe.config')).
Target "ResolveComReferences" skipped, due to false condition; ('@(COMReference)'!='' or '@(COMFileReference)'!='') was evaluated as (''!='' or ''!='').
Target "AfterResolveReferences" in file "C:\Program Files (x86)\MSBuild\14.0\bin\Microsoft.Common.CurrentVersion.targets" from project "D:\Projets\Perso\Pathfinder-fr\WikiExportParser\Src\Console\Console.csproj" (target "ResolveReferences" depends on it):
Done building target "AfterResolveReferences" in project "Console.csproj".
Target "ImplicitlyExpandDesignTimeFacades" skipped, due to false condition; ('$(ImplicitlyExpandDesignTimeFacades)' == 'true') was evaluated as ('' == 'true').
Target "ResolveTestReferences" skipped, due to false condition; ('@(Shadow)'!='') was evaluated as (''!='').
Target "ResolveReferences" in file "C:\Program Files (x86)\MSBuild\14.0\bin\Microsoft.Common.CurrentVersion.targets" from project "D:\Projets\Perso\Pathfinder-fr\WikiExportParser\Src\Console\Console.csproj" (target "CoreBuild" depends on it):
Done building target "ResolveReferences" in project "Console.csproj".
Target "XamlMarkupCompilePass1" skipped, due to false condition; ('@(XamlPage)' != '' or '@(XamlAppDef)' != '') was evaluated as ('' != '' or '' != '').
Target "XamlMarkupCompileReadGeneratedFileList" skipped, due to false condition; ('@(XamlPage)' != '' or '@(XamlAppDef)' != '') was evaluated as ('' != '' or '' != '').
Target "XamlMarkupCompileAddFilesGenerated" skipped, due to false condition; ('@(XamlPage)' != '' or '@(XamlAppDef)' != '') was evaluated as ('' != '' or '' != '').
Target "XamlMarkupCompilePass2" skipped, due to false condition; ('$(XamlRequiresCompilationPass2)' == 'true' ) was evaluated as ('false' == 'true' ).
Target "XamlMarkupCompileReadPass2Flag" skipped, due to false condition; ('@(XamlPage)' != '' or '@(XamlAppDef)' != '') was evaluated as ('' != '' or '' != '').
Target "XamlMarkupCompileAddExtensionFilesGenerated" skipped, due to false condition; ('@(XamlPage)' != '' or '@(XamlAppDef)' != '') was evaluated as ('' != '' or '' != '').
Target "MarkupCompilePass1" skipped, due to false condition; ('@(Page)' != '' or '@(ApplicationDefinition)' != '' ) was evaluated as ('' != '' or '' != '' ).
Target "AfterMarkupCompilePass1" in file "C:\Windows\Microsoft.NET\Framework\v4.0.30319\Microsoft.WinFx.targets" from project "D:\Projets\Perso\Pathfinder-fr\WikiExportParser\Src\Console\Console.csproj" (target "PrepareResources" depends on it):
Done building target "AfterMarkupCompilePass1" in project "Console.csproj".
Target "MarkupCompilePass2ForMainAssembly" skipped, due to false condition; ('$(_RequireMCPass2ForMainAssembly)' == 'true' ) was evaluated as ('false' == 'true' ).
Target "FileClassification" in file "C:\Windows\Microsoft.NET\Framework\v4.0.30319\Microsoft.WinFx.targets" from project "D:\Projets\Perso\Pathfinder-fr\WikiExportParser\Src\Console\Console.csproj" (target "PrepareResources" depends on it):
Task "FileClassifier" skipped, due to false condition; ('@(GeneratedBaml)' != '' or '@(Resource)' != '' or '@(Font)' != '') was evaluated as ('' != '' or '' != '' or '' != '').
Task "Message" skipped, due to false condition; ('$(MSBuildTargetsVerbose)'=='true') was evaluated as (''=='true').
Task "Message" skipped, due to false condition; ('$(MSBuildTargetsVerbose)'=='true') was evaluated as (''=='true').
Done building target "FileClassification" in project "Console.csproj".
Target "MainResourcesGeneration" skipped, due to false condition; ('@(MainEmbeddedFiles)' != '') was evaluated as ('' != '').
Target "AssignWinFXEmbeddedResource" skipped, due to false condition; ('@(WinFXEmbeddedResource)' != '') was evaluated as ('' != '').
Target "AssignTargetPaths" in file "C:\Program Files (x86)\MSBuild\14.0\bin\Microsoft.Common.CurrentVersion.targets" from project "D:\Projets\Perso\Pathfinder-fr\WikiExportParser\Src\Console\Console.csproj" (target "PrepareResourceNames" depends on it):
Using "AssignTargetPath" task from assembly "Microsoft.Build.Tasks.Core, Version=14.0.0.0, Culture=neutral, PublicKeyToken=b03f5f7f11d50a3a".
Task "AssignTargetPath"
Done executing task "AssignTargetPath".
Task "AssignTargetPath"
Done executing task "AssignTargetPath".
Task "AssignTargetPath"
Done executing task "AssignTargetPath".
Task "AssignTargetPath"
Done executing task "AssignTargetPath".
Task "AssignTargetPath" skipped, due to false condition; ('@(_DeploymentBaseManifestWithTargetPath)'=='' and '%(None.Extension)'=='.manifest') was evaluated as (''=='' and '.config'=='.manifest').
Done building target "AssignTargetPaths" in project "Console.csproj".
Target "AssignTargetPaths" skipped. Previously built successfully.
Target "SplitResourcesByCulture" in file "C:\Program Files (x86)\MSBuild\14.0\bin\Microsoft.Common.CurrentVersion.targets" from project "D:\Projets\Perso\Pathfinder-fr\WikiExportParser\Src\Console\Console.csproj" (target "PrepareResourceNames" depends on it):
Task "Warning" skipped, due to false condition; ('@(ResxWithNoCulture)'!='') was evaluated as (''!='').
Task "Warning" skipped, due to false condition; ('@(ResxWithCulture)'!='') was evaluated as (''!='').
Task "Warning" skipped, due to false condition; ('@(NonResxWithCulture)'!='') was evaluated as (''!='').
Task "Warning" skipped, due to false condition; ('@(NonResxWithNoCulture)'!='') was evaluated as (''!='').
Using "AssignCulture" task from assembly "Microsoft.Build.Tasks.Core, Version=14.0.0.0, Culture=neutral, PublicKeyToken=b03f5f7f11d50a3a".
Task "AssignCulture"
  Culture of "" was assigned to file "Resources\FeatPrerequisiteOtherTypes.txt".
  Culture of "" was assigned to file "Resources\MonsterIgnoredPages.txt".
  Culture of "" was assigned to file "Resources\SpellNoComponentList.txt".
  Culture of "" was assigned to file "Resources\SpellNoRangeList.txt".
  Culture of "" was assigned to file "Resources\SpellNoList.txt".
Done executing task "AssignCulture".
Done building target "SplitResourcesByCulture" in project "Console.csproj".
Target "CreateManifestResourceNames" in file "C:\Program Files (x86)\MSBuild\14.0\bin\Microsoft.CSharp.CurrentVersion.targets" from project "D:\Projets\Perso\Pathfinder-fr\WikiExportParser\Src\Console\Console.csproj" (target "PrepareResourceNames" depends on it):
Using "CreateCSharpManifestResourceName" task from assembly "Microsoft.Build.Tasks.Core, Version=14.0.0.0, Culture=neutral, PublicKeyToken=b03f5f7f11d50a3a".
Task "CreateCSharpManifestResourceName"
  Root namespace is 'WikiExportParser'.
  Resource file 'Resources\FeatPrerequisiteOtherTypes.txt' doesn't depend on any other file.
  Resource file 'Resources\FeatPrerequisiteOtherTypes.txt' gets manifest resource name 'WikiExportParser.Resources.FeatPrerequisiteOtherTypes.txt'.
  Resource file 'Resources\MonsterIgnoredPages.txt' doesn't depend on any other file.
  Resource file 'Resources\MonsterIgnoredPages.txt' gets manifest resource name 'WikiExportParser.Resources.MonsterIgnoredPages.txt'.
  Resource file 'Resources\SpellNoComponentList.txt' doesn't depend on any other file.
  Resource file 'Resources\SpellNoComponentList.txt' gets manifest resource name 'WikiExportParser.Resources.SpellNoComponentList.txt'.
  Resource file 'Resources\SpellNoRangeList.txt' doesn't depend on any other file.
  Resource file 'Resources\SpellNoRangeList.txt' gets manifest resource name 'WikiExportParser.Resources.SpellNoRangeList.txt'.
  Resource file 'Resources\SpellNoList.txt' doesn't depend on any other file.
  Resource file 'Resources\SpellNoList.txt' gets manifest resource name 'WikiExportParser.Resources.SpellNoList.txt'.
Done executing task "CreateCSharpManifestResourceName".
Task "CreateCSharpManifestResourceName" skipped, due to false condition; ('%(EmbeddedResource.ManifestResourceName)' == '' and '%(EmbeddedResource.WithCulture)' == 'true' and '%(EmbeddedResource.Type)' == 'Non-Resx') was evaluated as ('' == '' and 'false' == 'true' and 'Non-Resx' == 'Non-Resx').
Done building target "CreateManifestResourceNames" in project "Console.csproj".
Target "CreateCustomManifestResourceNames" in file "C:\Program Files (x86)\MSBuild\14.0\bin\Microsoft.Common.CurrentVersion.targets" from project "D:\Projets\Perso\Pathfinder-fr\WikiExportParser\Src\Console\Console.csproj" (target "PrepareResourceNames" depends on it):
Done building target "CreateCustomManifestResourceNames" in project "Console.csproj".
Target "PrepareResourceNames" in file "C:\Program Files (x86)\MSBuild\14.0\bin\Microsoft.Common.CurrentVersion.targets" from project "D:\Projets\Perso\Pathfinder-fr\WikiExportParser\Src\Console\Console.csproj" (target "PrepareResources" depends on it):
Done building target "PrepareResourceNames" in project "Console.csproj".
Target "ResolveAssemblyReferences" skipped. Previously built successfully.
Target "SplitResourcesByCulture" skipped. Previously built successfully.
Target "BeforeResGen" in file "C:\Program Files (x86)\MSBuild\14.0\bin\Microsoft.Common.CurrentVersion.targets" from project "D:\Projets\Perso\Pathfinder-fr\WikiExportParser\Src\Console\Console.csproj" (target "ResGen" depends on it):
Done building target "BeforeResGen" in project "Console.csproj".
Target "CoreResGen" in file "C:\Program Files (x86)\MSBuild\14.0\bin\Microsoft.Common.CurrentVersion.targets" from project "D:\Projets\Perso\Pathfinder-fr\WikiExportParser\Src\Console\Console.csproj" (target "ResGen" depends on it):
Task "GenerateResource" skipped, due to false condition; ('%(EmbeddedResource.Type)' == 'Resx' and '%(EmbeddedResource.GenerateResource)' != 'false' and '$(GenerateResourceMSBuildRuntime)' != 'CLR2') was evaluated as ('Non-Resx' == 'Resx' and '' != 'false' and 'CLR4' != 'CLR2').
Task "GenerateResource" skipped, due to false condition; ('%(EmbeddedResource.Type)' == 'Resx' and '%(EmbeddedResource.GenerateResource)' != 'false' and '$(GenerateResourceMSBuildRuntime)' == 'CLR2') was evaluated as ('Non-Resx' == 'Resx' and '' != 'false' and 'CLR4' == 'CLR2').
Done building target "CoreResGen" in project "Console.csproj".
Target "AfterResGen" in file "C:\Program Files (x86)\MSBuild\14.0\bin\Microsoft.Common.CurrentVersion.targets" from project "D:\Projets\Perso\Pathfinder-fr\WikiExportParser\Src\Console\Console.csproj" (target "ResGen" depends on it):
Done building target "AfterResGen" in project "Console.csproj".
Target "ResGen" in file "C:\Program Files (x86)\MSBuild\14.0\bin\Microsoft.Common.CurrentVersion.targets" from project "D:\Projets\Perso\Pathfinder-fr\WikiExportParser\Src\Console\Console.csproj" (target "PrepareResources" depends on it):
Done building target "ResGen" in project "Console.csproj".
Target "CompileLicxFiles" skipped, due to false condition; ('@(_LicxFile)'!='') was evaluated as (''!='').
Target "PrepareRdlFiles" in file "C:\Program Files (x86)\MSBuild\Microsoft\VisualStudio\v14.0\ReportingServices\Microsoft.ReportingServices.targets" from project "D:\Projets\Perso\Pathfinder-fr\WikiExportParser\Src\Console\Console.csproj" (target "CompileRdlFiles" depends on it):
Task "CreateItem" skipped, due to false condition; ('%(Extension)'=='.rdlc') was evaluated as ('.txt'=='.rdlc').
Done building target "PrepareRdlFiles" in project "Console.csproj".
Target "RunRdlCompiler" skipped, due to false condition; ('@(RdlFile)'!='') was evaluated as (''!='').
Target "CompileRdlFiles" in file "C:\Program Files (x86)\MSBuild\Microsoft\VisualStudio\v14.0\ReportingServices\Microsoft.ReportingServices.targets" from project "D:\Projets\Perso\Pathfinder-fr\WikiExportParser\Src\Console\Console.csproj" (target "PrepareResources" depends on it):
Done building target "CompileRdlFiles" in project "Console.csproj".
Target "PrepareResources" in file "C:\Program Files (x86)\MSBuild\14.0\bin\Microsoft.Common.CurrentVersion.targets" from project "D:\Projets\Perso\Pathfinder-fr\WikiExportParser\Src\Console\Console.csproj" (target "CoreBuild" depends on it):
Done building target "PrepareResources" in project "Console.csproj".
Target "ResolveKeySource" skipped, due to false condition; ($(SignManifests) == 'true' or $(SignAssembly) == 'true') was evaluated as ( == 'true' or  == 'true').
Target "ResolveReferences" skipped. Previously built successfully.
Target "ResolveKeySource" skipped, due to false condition; ($(SignManifests) == 'true' or $(SignAssembly) == 'true') was evaluated as ( == 'true' or  == 'true').
Target "ResolveComReferences" skipped, due to false condition; ('@(COMReference)'!='' or '@(COMFileReference)'!='') was evaluated as (''!='' or ''!='').
Target "ResolveNativeReferences" skipped, due to false condition; ('@(NativeReference)'!='') was evaluated as (''!='').
Target "_SetExternalWin32ManifestProperties" skipped, due to false condition; ('$(GenerateClickOnceManifests)'=='true' or '@(NativeReference)'!='' or '@(ResolvedIsolatedComModules)'!='') was evaluated as (''=='true' or ''!='' or ''!='').
Target "_SetEmbeddedWin32ManifestProperties" in file "C:\Program Files (x86)\MSBuild\14.0\bin\Microsoft.Common.CurrentVersion.targets" from project "D:\Projets\Perso\Pathfinder-fr\WikiExportParser\Src\Console\Console.csproj" (target "SetWin32ManifestProperties" depends on it):
Using "GetFrameworkPath" task from assembly "Microsoft.Build.Tasks.Core, Version=14.0.0.0, Culture=neutral, PublicKeyToken=b03f5f7f11d50a3a".
Task "GetFrameworkPath"
Done executing task "GetFrameworkPath".
Done building target "_SetEmbeddedWin32ManifestProperties" in project "Console.csproj".
Target "SetWin32ManifestProperties" in file "C:\Program Files (x86)\MSBuild\14.0\bin\Microsoft.Common.CurrentVersion.targets" from project "D:\Projets\Perso\Pathfinder-fr\WikiExportParser\Src\Console\Console.csproj" (target "Compile" depends on it):
Done building target "SetWin32ManifestProperties" in project "Console.csproj".
Target "_GenerateCompileInputs" in file "C:\Program Files (x86)\MSBuild\14.0\bin\Microsoft.Common.CurrentVersion.targets" from project "D:\Projets\Perso\Pathfinder-fr\WikiExportParser\Src\Console\Console.csproj" (target "Compile" depends on it):
Task "Warning" skipped, due to false condition; ('@(ManifestResourceWithNoCulture)'!='' and '%(ManifestResourceWithNoCulture.EmittedForCompatibilityOnly)'=='') was evaluated as (''!='' and ''=='').
Task "Warning" skipped, due to false condition; ('@(ManifestNonResxWithNoCultureOnDisk)'!='' and '%(ManifestNonResxWithNoCultureOnDisk.EmittedForCompatibilityOnly)'=='') was evaluated as ('Resources\FeatPrerequisiteOtherTypes.txt;Resources\MonsterIgnoredPages.txt;Resources\SpellNoComponentList.txt;Resources\SpellNoRangeList.txt;Resources\SpellNoList.txt'!='' and 'true'=='').
Done building target "_GenerateCompileInputs" in project "Console.csproj".
Target "PrepareForBuild" skipped. Previously built successfully.
Target "GetReferenceAssemblyPaths" skipped. Previously built successfully.
Target "_SetTargetFrameworkMonikerAttribute" in file "C:\Program Files (x86)\MSBuild\14.0\bin\Microsoft.CSharp.CurrentVersion.targets" from project "D:\Projets\Perso\Pathfinder-fr\WikiExportParser\Src\Console\Console.csproj" (target "GenerateTargetFrameworkMonikerAttribute" depends on it):
Done building target "_SetTargetFrameworkMonikerAttribute" in project "Console.csproj".
Target "GenerateTargetFrameworkMonikerAttribute" in file "C:\Program Files (x86)\MSBuild\14.0\bin\Microsoft.Common.CurrentVersion.targets" from project "D:\Projets\Perso\Pathfinder-fr\WikiExportParser\Src\Console\Console.csproj" (target "BeforeCompile" depends on it):
Skipping target "GenerateTargetFrameworkMonikerAttribute" because all output files are up-to-date with respect to the input files.
Input files: C:\Program Files (x86)\MSBuild\14.0\bin\Microsoft.Common.targets
Output files: C:\Users\thomas\AppData\Local\Temp\.NETFramework,Version=v4.0.AssemblyAttributes.cs
Done building target "GenerateTargetFrameworkMonikerAttribute" in project "Console.csproj".
Target "GenerateAdditionalSources" skipped, due to false condition; ('@(AssemblyAttributes)' != '' and '$(GenerateAdditionalSources)' == 'true') was evaluated as ('' != '' and '' == 'true').
Target "BeforeCompile" in file "C:\Program Files (x86)\MSBuild\14.0\bin\Microsoft.Common.CurrentVersion.targets" from project "D:\Projets\Perso\Pathfinder-fr\WikiExportParser\Src\Console\Console.csproj" (target "Compile" depends on it):
Done building target "BeforeCompile" in project "Console.csproj".
Target "_TimeStampBeforeCompile" skipped, due to false condition; ('$(RunPostBuildEvent)'=='OnOutputUpdated' or ('$(RegisterForComInterop)'=='true' and '$(OutputType)'=='library')) was evaluated as (''=='OnOutputUpdated' or (''=='true' and 'Exe'=='library')).
Target "_ComputeNonExistentFileProperty" skipped, due to false condition; (('$(BuildingInsideVisualStudio)' == 'true') and ('$(BuildingOutOfProcess)' != 'true') and (('$(BuildingProject)' == 'false') or ('$(UseHostCompilerIfAvailable)' == 'true'))) was evaluated as (('' == 'true') and ('' != 'true') and (('true' == 'false') or ('true' == 'true'))).
Target "ResolveCodeAnalysisRuleSet" in file "C:\Program Files (x86)\MSBuild\14.0\bin\Microsoft.CSharp.CurrentVersion.targets" from project "D:\Projets\Perso\Pathfinder-fr\WikiExportParser\Src\Console\Console.csproj" (target "CoreCompile" depends on it):
Using "ResolveCodeAnalysisRuleSet" task from assembly "Microsoft.Build.Tasks.Core, Version=14.0.0.0, Culture=neutral, PublicKeyToken=b03f5f7f11d50a3a".
Task "ResolveCodeAnalysisRuleSet"
Done executing task "ResolveCodeAnalysisRuleSet".
Done building target "ResolveCodeAnalysisRuleSet" in project "Console.csproj".
Target "PreXsdCodeGen" in file "C:\Windows\Microsoft.NET\Framework\v4.0.30319\Microsoft.ServiceModel.targets" from project "D:\Projets\Perso\Pathfinder-fr\WikiExportParser\Src\Console\Console.csproj" (target "CoreCompile" depends on it):
Using "CallTarget" task from assembly "Microsoft.Build.Tasks.Core, Version=14.0.0.0, Culture=neutral, PublicKeyToken=b03f5f7f11d50a3a".
Task "CallTarget"
Target "CleanXsdCodeGen" in file "C:\Windows\Microsoft.NET\Framework\v4.0.30319\Microsoft.ServiceModel.targets" from project "D:\Projets\Perso\Pathfinder-fr\WikiExportParser\Src\Console\Console.csproj" (target "PreXsdCodeGen" depends on it):
Using "Delete" task from assembly "Microsoft.Build.Tasks.Core, Version=14.0.0.0, Culture=neutral, PublicKeyToken=b03f5f7f11d50a3a".
Task "Delete"
Done executing task "Delete".
Done building target "CleanXsdCodeGen" in project "Console.csproj".
Done executing task "CallTarget".
Done building target "PreXsdCodeGen" in project "Console.csproj".
Target "XsdCodeGen" skipped, due to false condition; ( '$(XsdCodeGenPreCondition)' == 'True' ) was evaluated as ( 'False' == 'True' ).
Target "CoreCompile" in file "C:\Program Files (x86)\MSBuild\14.0\bin\Microsoft.CSharp.Core.targets" from project "D:\Projets\Perso\Pathfinder-fr\WikiExportParser\Src\Console\Console.csproj" (target "Compile" depends on it):
Building target "CoreCompile" completely.
Output file "obj\x86\Release\WikiExportParser.exe" does not exist.
Using "Csc" task from assembly "C:\Program Files (x86)\MSBuild\14.0\bin\Microsoft.Build.Tasks.CodeAnalysis.dll".
Task "Csc"
  C:\Program Files (x86)\MSBuild\14.0\bin\csc.exe /noconfig /nowarn:1701,1702 /nostdlib+ /platform:x86 /errorreport:prompt /warn:4 /define:TRACE /highentropyva- /reference:D:\Projets\Perso\Pathfinder-fr\WikiExportParser\Src\packages\CsvHelper.2.2.2\lib\net40-client\CsvHelper.dll /reference:"C:\Program Files (x86)\Reference Assemblies\Microsoft\Framework\.NETFramework\v4.0\Microsoft.CSharp.dll" /reference:"C:\Program Files (x86)\Reference Assemblies\Microsoft\Framework\.NETFramework\v4.0\mscorlib.dll" /reference:D:\Projets\Perso\Pathfinder-fr\WikiExportParser\Src\packages\Newtonsoft.Json.6.0.7\lib\net40\Newtonsoft.Json.dll /reference:D:\Projets\Perso\Pathfinder-fr\WikiExportParser\Lib\PathfinderDb.Schema.dll /reference:"C:\Program Files (x86)\Reference Assemblies\Microsoft\Framework\.NETFramework\v4.0\System.Core.dll" /reference:"C:\Program Files (x86)\Reference Assemblies\Microsoft\Framework\.NETFramework\v4.0\System.Data.DataSetExtensions.dll" /reference:"C:\Program Files (x86)\Reference Assemblies\Microsoft\Framework\.NETFramework\v4.0\System.Data.dll" /reference:"C:\Program Files (x86)\Reference Assemblies\Microsoft\Framework\.NETFramework\v4.0\System.dll" /reference:"C:\Program Files (x86)\Reference Assemblies\Microsoft\Framework\.NETFramework\v4.0\System.Xml.dll" /reference:"C:\Program Files (x86)\Reference Assemblies\Microsoft\Framework\.NETFramework\v4.0\System.Xml.Linq.dll" /debug:pdbonly /filealign:512 /optimize+ /out:obj\x86\Release\WikiExportParser.exe /ruleset:"C:\Program Files (x86)\Microsoft Visual Studio 14.0\Team Tools\Static Analysis Tools\\Rule Sets\MinimumRecommendedRules.ruleset" /resource:Resources\FeatPrerequisiteOtherTypes.txt,WikiExportParser.Resources.FeatPrerequisiteOtherTypes.txt /resource:Resources\MonsterIgnoredPages.txt,WikiExportParser.Resources.MonsterIgnoredPages.txt /resource:Resources\SpellNoComponentList.txt,WikiExportParser.Resources.SpellNoComponentList.txt /resource:Resources\SpellNoRangeList.txt,WikiExportParser.Resources.SpellNoRangeList.txt /resource:Resources\SpellNoList.txt,WikiExportParser.Resources.SpellNoList.txt /target:exe /utf8output Commands\CommandLoader.cs Commands\GenerateFeatsCommand.cs Commands\GenerateMagicItemsCommand.cs Commands\GenerateMonstersCommand.cs Commands\GenerateSpellGlossaryCommand.cs Commands\GenerateSpellsCommand.cs Commands\ICommand.cs Commands\ScanConjurateurCommand.cs Commands\SpellCommandBase.cs DataSetCollection.cs DictionaryExtensions.cs EmbeddedResources.cs Extensions.cs ILog.cs ListExtensions.cs Logging\CombineLog.cs Logging\ConsoleLog.cs Logging\FileLog.cs Logging\NullLog.cs ParseException.cs PrdUtils.cs Program.cs Properties\AssemblyInfo.cs References.cs Wiki\CharacterAttributeUtil.cs Wiki\MarkupUtil.cs Wiki\Parsing\ExceptionExtension.cs Wiki\Parsing\FeatParser.cs Wiki\Parsing\FeatParser.PrerequisiteParser.cs Wiki\Parsing\MagicItemParser.cs Wiki\Parsing\MonsterGlossaryParser.cs Wiki\Parsing\MonsterParser.cs Wiki\Parsing\SpellGlossaryParser.cs Wiki\Parsing\SpellListParser.cs Wiki\Parsing\SpellParser.cs Wiki\Parsing\Spells\CastingTimeParser.cs Wiki\Parsing\Spells\ComponentsParser.cs Wiki\Parsing\Spells\DescriptionParser.cs Wiki\Parsing\Spells\DescriptorParser.cs Wiki\Parsing\Spells\LevelsParser.cs Wiki\Parsing\Spells\MagicResistanceParser.cs Wiki\Parsing\Spells\RangeParser.cs Wiki\Parsing\Spells\SavingThrowParser.cs Wiki\Parsing\Spells\SchoolParser.cs Wiki\Parsing\Spells\TargetParser.cs Wiki\StringExtensions.cs Wiki\WikiExport.cs Wiki\WikiName.cs Wiki\WikiPage.cs Wiki\WikiPageCollection.cs Wiki\XmlWikiPage.cs Writers\CsvDataSetWriter.cs Writers\EnumerableExtensions.cs Writers\IDataSetWriter.cs Writers\JsonDataSetWriter.cs Writers\XmlDataSetWriter.cs Writers\XmlSingleDataSetWriter.cs "C:\Users\thomas\AppData\Local\Temp\.NETFramework,Version=v4.0.AssemblyAttributes.cs"
  Microsoft (R) Visual C# Compiler version 1.0.0.50618
  Copyright (C) Microsoft Corporation. All rights reserved.
Done executing task "Csc".
Task "CallTarget" skipped, due to false condition; ('$(TargetsTriggeredByCompilation)' != '') was evaluated as ('' != '').
Done building target "CoreCompile" in project "Console.csproj".
Target "_TimeStampAfterCompile" skipped, due to false condition; ('$(RunPostBuildEvent)'=='OnOutputUpdated' or ('$(RegisterForComInterop)'=='true' and '$(OutputType)'=='library')) was evaluated as (''=='OnOutputUpdated' or (''=='true' and 'Exe'=='library')).
Target "AfterCompile" in file "C:\Program Files (x86)\MSBuild\14.0\bin\Microsoft.Common.CurrentVersion.targets" from project "D:\Projets\Perso\Pathfinder-fr\WikiExportParser\Src\Console\Console.csproj" (target "Compile" depends on it):
Done building target "AfterCompile" in project "Console.csproj".
Target "CreateTfsBuildInfoResource" skipped, due to false condition; ( $(AddBuildInfoToAssembly)==true ) was evaluated as ( false==true ).
Target "CreateTfsBuildInfoFile" skipped, due to false condition; ( $(GenerateBuildInfoConfigFile)==true AND $(WebProjectOutputDir)!='') was evaluated as ( false==true AND !='').
Target "SetBuildInfoDefaults" in file "C:\Program Files (x86)\MSBuild\Microsoft\VisualStudio\v14.0\BuildInfo\Microsoft.VisualStudio.ReleaseManagement.BuildInfo.targets" from project "D:\Projets\Perso\Pathfinder-fr\WikiExportParser\Src\Console\Console.csproj" (target "DeleteBuildInfoFile" depends on it):
Done building target "SetBuildInfoDefaults" in project "Console.csproj".
Target "DeleteBuildInfoFile" in file "C:\Program Files (x86)\MSBuild\Microsoft\VisualStudio\v14.0\BuildInfo\Microsoft.VisualStudio.ReleaseManagement.BuildInfo.targets" from project "D:\Projets\Perso\Pathfinder-fr\WikiExportParser\Src\Console\Console.csproj" (target "Compile" depends on it):
Task "Delete" skipped, due to false condition; (EXISTS('$(BuildInfoConfigFileName)')) was evaluated as (EXISTS(' D:\Projets\Perso\Pathfinder-fr\WikiExportParser\Bin\WikiExportParser.BuildInfo.config')).
Done building target "DeleteBuildInfoFile" in project "Console.csproj".
Target "SetBuildInfoDefaults" skipped. Previously built successfully.
Target "DeleteBuildInfoResource" in file "C:\Program Files (x86)\MSBuild\Microsoft\VisualStudio\v14.0\BuildInfo\Microsoft.VisualStudio.ReleaseManagement.BuildInfo.targets" from project "D:\Projets\Perso\Pathfinder-fr\WikiExportParser\Src\Console\Console.csproj" (target "Compile" depends on it):
Task "Delete" skipped, due to false condition; (EXISTS('$(BuildInfoResourceFileName)')) was evaluated as (EXISTS(' obj\x86\Release\WikiExportParser.BuildInfo.config')).
Done building target "DeleteBuildInfoResource" in project "Console.csproj".
Target "PrepareResourcesForSatelliteAssemblies" skipped, due to false condition; ('$(UICulture)' != '') was evaluated as ('' != '').
Target "MergeLocalizationDirectives" skipped, due to false condition; ('@(GeneratedLocalizationFiles)' !='') was evaluated as ('' !='').
Target "AfterCompileWinFX" in file "C:\Windows\Microsoft.NET\Framework\v4.0.30319\Microsoft.WinFx.targets" from project "D:\Projets\Perso\Pathfinder-fr\WikiExportParser\Src\Console\Console.csproj" (target "_AfterCompileWinFXInternal" depends on it):
Done building target "AfterCompileWinFX" in project "Console.csproj".
Target "_AfterCompileWinFXInternal" in file "C:\Windows\Microsoft.NET\Framework\v4.0.30319\Microsoft.WinFx.targets" from project "D:\Projets\Perso\Pathfinder-fr\WikiExportParser\Src\Console\Console.csproj" (target "Compile" depends on it):
Done building target "_AfterCompileWinFXInternal" in project "Console.csproj".
Target "Compile" in file "C:\Program Files (x86)\MSBuild\14.0\bin\Microsoft.Common.CurrentVersion.targets" from project "D:\Projets\Perso\Pathfinder-fr\WikiExportParser\Src\Console\Console.csproj" (target "CoreBuild" depends on it):
Done building target "Compile" in project "Console.csproj".
Target "ExportWindowsMDFile" skipped, due to false condition; ('$(ExportWinMDFile)' == 'true') was evaluated as ('' == 'true').
Target "UnmanagedUnregistration" skipped, due to false condition; ((('$(_AssemblyTimestampBeforeCompile)' != '$(_AssemblyTimestampAfterCompile)' or '$(RegisterForComInterop)' != 'true' or '$(OutputType)' != 'library') or
                    ('$(_AssemblyTimestampBeforeCompile)' == '')) and
                   Exists('@(_UnmanagedRegistrationCache)')) was evaluated as ((('' != '' or '' != 'true' or 'Exe' != 'library') or
                    ('' == '')) and
                   Exists('obj\Console.csproj.UnmanagedRegistration.cache')).
Target "GenerateSerializationAssemblies" skipped, due to false condition; ('$(_SGenGenerateSerializationAssembliesConfig)' == 'On' or ('@(WebReferenceUrl)'!='' and '$(_SGenGenerateSerializationAssembliesConfig)' == 'Auto')) was evaluated as ('Auto' == 'On' or (''!='' and 'Auto' == 'Auto')).
Target "_GenerateSatelliteAssemblyInputs" in file "C:\Program Files (x86)\MSBuild\14.0\bin\Microsoft.Common.CurrentVersion.targets" from project "D:\Projets\Perso\Pathfinder-fr\WikiExportParser\Src\Console\Console.csproj" (target "CreateSatelliteAssemblies" depends on it):
Task "Warning" skipped, due to false condition; ('@(ManifestResourceWithCulture)'!='' and '%(ManifestResourceWithCulture.EmittedForCompatibilityOnly)'=='') was evaluated as (''!='' and ''=='').
Task "Warning" skipped, due to false condition; ('@(ManifestNonResxWithCultureOnDisk)'!='' and '%(ManifestNonResxWithCultureOnDisk.EmittedForCompatibilityOnly)'=='') was evaluated as (''!='' and ''=='').
Done building target "_GenerateSatelliteAssemblyInputs" in project "Console.csproj".
Target "CreateManifestResourceNames" skipped. Previously built successfully.
Target "ComputeIntermediateSatelliteAssemblies" in file "C:\Program Files (x86)\MSBuild\14.0\bin\Microsoft.Common.CurrentVersion.targets" from project "D:\Projets\Perso\Pathfinder-fr\WikiExportParser\Src\Console\Console.csproj" (target "CreateSatelliteAssemblies" depends on it):
Done building target "ComputeIntermediateSatelliteAssemblies" in project "Console.csproj".
Target "GenerateSatelliteAssemblies" skipped, due to false condition; ('@(_SatelliteAssemblyResourceInputs)' != '') was evaluated as ('' != '').
Target "CreateSatelliteAssemblies" in file "C:\Program Files (x86)\MSBuild\14.0\bin\Microsoft.Common.CurrentVersion.targets" from project "D:\Projets\Perso\Pathfinder-fr\WikiExportParser\Src\Console\Console.csproj" (target "CoreBuild" depends on it):
Done building target "CreateSatelliteAssemblies" in project "Console.csproj".
Target "GenerateManifests" skipped, due to false condition; ('$(GenerateClickOnceManifests)'=='true' or '@(NativeReference)'!='' or '@(ResolvedIsolatedComModules)'!='' or '$(GenerateAppxManifest)' == 'true') was evaluated as (''=='true' or ''!='' or ''!='' or '' == 'true').
Target "GetTargetPath" in file "C:\Program Files (x86)\MSBuild\14.0\bin\Microsoft.Common.CurrentVersion.targets" from project "D:\Projets\Perso\Pathfinder-fr\WikiExportParser\Src\Console\Console.csproj" (target "CoreBuild" depends on it):
Done building target "GetTargetPath" in project "Console.csproj".
Target "ComputeIntermediateSatelliteAssemblies" skipped. Previously built successfully.
Target "_CopyFilesMarkedCopyLocal" in file "C:\Program Files (x86)\MSBuild\14.0\bin\Microsoft.Common.CurrentVersion.targets" from project "D:\Projets\Perso\Pathfinder-fr\WikiExportParser\Src\Console\Console.csproj" (target "CopyFilesToOutputDirectory" depends on it):
Using "Copy" task from assembly "Microsoft.Build.Tasks.Core, Version=14.0.0.0, Culture=neutral, PublicKeyToken=b03f5f7f11d50a3a".
Task "Copy"
  Copying file from "D:\Projets\Perso\Pathfinder-fr\WikiExportParser\Src\packages\CsvHelper.2.2.2\lib\net40-client\CsvHelper.dll" to "D:\Projets\Perso\Pathfinder-fr\WikiExportParser\Bin\CsvHelper.dll".
  Copying file from "D:\Projets\Perso\Pathfinder-fr\WikiExportParser\Src\packages\Newtonsoft.Json.6.0.7\lib\net40\Newtonsoft.Json.dll" to "D:\Projets\Perso\Pathfinder-fr\WikiExportParser\Bin\Newtonsoft.Json.dll".
  Copying file from "D:\Projets\Perso\Pathfinder-fr\WikiExportParser\Lib\PathfinderDb.Schema.dll" to "D:\Projets\Perso\Pathfinder-fr\WikiExportParser\Bin\PathfinderDb.Schema.dll".
  Copying file from "D:\Projets\Perso\Pathfinder-fr\WikiExportParser\Src\packages\CsvHelper.2.2.2\lib\net40-client\CsvHelper.pdb" to "D:\Projets\Perso\Pathfinder-fr\WikiExportParser\Bin\CsvHelper.pdb".
  Copying file from "D:\Projets\Perso\Pathfinder-fr\WikiExportParser\Src\packages\CsvHelper.2.2.2\lib\net40-client\CsvHelper.xml" to "D:\Projets\Perso\Pathfinder-fr\WikiExportParser\Bin\CsvHelper.xml".
  Copying file from "D:\Projets\Perso\Pathfinder-fr\WikiExportParser\Src\packages\Newtonsoft.Json.6.0.7\lib\net40\Newtonsoft.Json.xml" to "D:\Projets\Perso\Pathfinder-fr\WikiExportParser\Bin\Newtonsoft.Json.xml".
  Copying file from "D:\Projets\Perso\Pathfinder-fr\WikiExportParser\Lib\PathfinderDb.Schema.pdb" to "D:\Projets\Perso\Pathfinder-fr\WikiExportParser\Bin\PathfinderDb.Schema.pdb".
  Copying file from "D:\Projets\Perso\Pathfinder-fr\WikiExportParser\Lib\PathfinderDb.Schema.xml" to "D:\Projets\Perso\Pathfinder-fr\WikiExportParser\Bin\PathfinderDb.Schema.xml".
Done executing task "Copy".
Done building target "_CopyFilesMarkedCopyLocal" in project "Console.csproj".
Target "AssignTargetPaths" skipped. Previously built successfully.
Target "_SplitProjectReferencesByFileExistence" skipped. Previously built successfully.
Target "GetCopyToOutputDirectoryXamlAppDefs" in file "C:\Windows\Microsoft.NET\Framework\v4.0.30319\Microsoft.Xaml.targets" from project "D:\Projets\Perso\Pathfinder-fr\WikiExportParser\Src\Console\Console.csproj" (target "GetCopyToOutputDirectoryItems" depends on it):
Task "AssignTargetPath"
Done executing task "AssignTargetPath".
Done building target "GetCopyToOutputDirectoryXamlAppDefs" in project "Console.csproj".
Target "GetCopyToOutputDirectoryItems" in file "C:\Program Files (x86)\MSBuild\14.0\bin\Microsoft.Common.CurrentVersion.targets" from project "D:\Projets\Perso\Pathfinder-fr\WikiExportParser\Src\Console\Console.csproj" (target "_CopySourceItemsToOutputDirectory" depends on it):
Task "MSBuild" skipped, due to false condition; ('@(_MSBuildProjectReferenceExistent)' != '' and '$(_GetChildProjectCopyToOutputDirectoryItems)' == 'true' and '%(_MSBuildProjectReferenceExistent.Private)' != 'false' and '$(UseCommonOutputDirectory)' != 'true') was evaluated as ('' != '' and 'true' == 'true' and '' != 'false' and 'false' != 'true').
Task "AssignTargetPath"
Done executing task "AssignTargetPath".
Done building target "GetCopyToOutputDirectoryItems" in project "Console.csproj".
Target "_CopyOutOfDateSourceItemsToOutputDirectory" skipped, due to false condition; ( '@(_SourceItemsToCopyToOutputDirectory)' != '' ) was evaluated as ( '' != '' ).
Target "_CopyOutOfDateSourceItemsToOutputDirectoryAlways" skipped, due to false condition; ( '@(_SourceItemsToCopyToOutputDirectoryAlways)' != '' ) was evaluated as ( '' != '' ).
Target "_CopySourceItemsToOutputDirectory" in file "C:\Program Files (x86)\MSBuild\14.0\bin\Microsoft.Common.CurrentVersion.targets" from project "D:\Projets\Perso\Pathfinder-fr\WikiExportParser\Src\Console\Console.csproj" (target "CopyFilesToOutputDirectory" depends on it):
Done building target "_CopySourceItemsToOutputDirectory" in project "Console.csproj".
Target "_CopyAppConfigFile" skipped, due to false condition; ( '@(AppConfigWithTargetPath)' != '' ) was evaluated as ( '' != '' ).
Target "_CopyManifestFiles" skipped, due to false condition; ( '$(_DeploymentCopyApplicationManifest)'=='true' or '$(GenerateClickOnceManifests)'=='true' ) was evaluated as ( ''=='true' or ''=='true' ).
Target "_CheckForCompileOutputs" in file "C:\Program Files (x86)\MSBuild\14.0\bin\Microsoft.Common.CurrentVersion.targets" from project "D:\Projets\Perso\Pathfinder-fr\WikiExportParser\Src\Console\Console.csproj" (target "CopyFilesToOutputDirectory" depends on it):
Done building target "_CheckForCompileOutputs" in project "Console.csproj".
Target "_SGenCheckForOutputs" skipped, due to false condition; ('$(_SGenGenerateSerializationAssembliesConfig)' == 'On' or ('@(WebReferenceUrl)'!='' and '$(_SGenGenerateSerializationAssembliesConfig)' == 'Auto')) was evaluated as ('Auto' == 'On' or (''!='' and 'Auto' == 'Auto')).
Target "CopyFilesToOutputDirectory" in file "C:\Program Files (x86)\MSBuild\14.0\bin\Microsoft.Common.CurrentVersion.targets" from project "D:\Projets\Perso\Pathfinder-fr\WikiExportParser\Src\Console\Console.csproj" (target "PrepareForRun" depends on it):
Task "Copy"
  Copying file from "obj\x86\Release\WikiExportParser.exe" to "D:\Projets\Perso\Pathfinder-fr\WikiExportParser\Bin\WikiExportParser.exe".
Done executing task "Copy".
Task "Message"
  Console -> D:\Projets\Perso\Pathfinder-fr\WikiExportParser\Bin\WikiExportParser.exe
Done executing task "Message".
Task "Copy" skipped, due to false condition; ('@(AddModules)' != '') was evaluated as ('' != '').
Task "Copy" skipped, due to false condition; ('$(_SGenDllCreated)'=='true') was evaluated as ('false'=='true').
Task "Copy"
  Copying file from "obj\x86\Release\WikiExportParser.pdb" to "D:\Projets\Perso\Pathfinder-fr\WikiExportParser\Bin\WikiExportParser.pdb".
Done executing task "Copy".
Task "Copy" skipped, due to false condition; ('$(_DocumentationFileProduced)'=='true') was evaluated as ('false'=='true').
Task "Copy" skipped, due to false condition; ('@(IntermediateSatelliteAssembliesWithTargetPath)' != '') was evaluated as ('' != '').
Task "Copy" skipped, due to false condition; ('@(ReferenceComWrappersToCopyLocal)' != '' or '@(ResolvedIsolatedComModules)' != '' or '@(_DeploymentLooseManifestFile)' != '' or '@(NativeReferenceFile)' != '' ) was evaluated as ('' != '' or '' != '' or '' != '' or '' != '' ).
Task "Copy" skipped, due to false condition; ('$(SkipCopyWinMDArtifact)' != 'true' and '@(WinMDExpArtifacts)' != '') was evaluated as ('' != 'true' and '' != '').
Task "Message" skipped, due to false condition; ('$(SkipCopyWinMDArtifact)' != 'true' and '$(_WindowsMetadataOutputPath)' != '') was evaluated as ('' != 'true' and '' != '').
Done building target "CopyFilesToOutputDirectory" in project "Console.csproj".
Target "RunCodeAnalysis" skipped, due to false condition; ('$(RunCodeAnalysisOnThisProject)'=='true') was evaluated as (''=='true').
Target "PrepareForRun" in file "C:\Program Files (x86)\MSBuild\14.0\bin\Microsoft.Common.CurrentVersion.targets" from project "D:\Projets\Perso\Pathfinder-fr\WikiExportParser\Src\Console\Console.csproj" (target "CoreBuild" depends on it):
Done building target "PrepareForRun" in project "Console.csproj".
Target "UnmanagedRegistration" skipped, due to false condition; ('$(RegisterForComInterop)'=='true' and '$(OutputType)'=='library') was evaluated as (''=='true' and 'Exe'=='library').
Target "_CheckForCompileOutputs" skipped. Previously built successfully.
Target "_SGenCheckForOutputs" skipped, due to false condition; ('$(_SGenGenerateSerializationAssembliesConfig)' == 'On' or ('@(WebReferenceUrl)'!='' and '$(_SGenGenerateSerializationAssembliesConfig)' == 'Auto')) was evaluated as ('Auto' == 'On' or (''!='' and 'Auto' == 'Auto')).
Target "_CleanGetCurrentAndPriorFileWrites" in file "C:\Program Files (x86)\MSBuild\14.0\bin\Microsoft.Common.CurrentVersion.targets" from project "D:\Projets\Perso\Pathfinder-fr\WikiExportParser\Src\Console\Console.csproj" (target "IncrementalClean" depends on it):
Using "ReadLinesFromFile" task from assembly "Microsoft.Build.Tasks.Core, Version=14.0.0.0, Culture=neutral, PublicKeyToken=b03f5f7f11d50a3a".
Task "ReadLinesFromFile"
Done executing task "ReadLinesFromFile".
Using "ConvertToAbsolutePath" task from assembly "Microsoft.Build.Tasks.Core, Version=14.0.0.0, Culture=neutral, PublicKeyToken=b03f5f7f11d50a3a".
Task "ConvertToAbsolutePath"
Done executing task "ConvertToAbsolutePath".
Using "FindUnderPath" task from assembly "Microsoft.Build.Tasks.Core, Version=14.0.0.0, Culture=neutral, PublicKeyToken=b03f5f7f11d50a3a".
Task "FindUnderPath"
  Comparison path is "D:\Projets\Perso\Pathfinder-fr\WikiExportParser\Src\Console".
Done executing task "FindUnderPath".
Task "FindUnderPath"
  Comparison path is "D:\Projets\Perso\Pathfinder-fr\WikiExportParser\Bin\".
Done executing task "FindUnderPath".
Task "FindUnderPath"
  Comparison path is "obj\x86\Release\".
Done executing task "FindUnderPath".
Using "RemoveDuplicates" task from assembly "Microsoft.Build.Tasks.Core, Version=14.0.0.0, Culture=neutral, PublicKeyToken=b03f5f7f11d50a3a".
Task "RemoveDuplicates"
Done executing task "RemoveDuplicates".
Done building target "_CleanGetCurrentAndPriorFileWrites" in project "Console.csproj".
Target "IncrementalClean" in file "C:\Program Files (x86)\MSBuild\14.0\bin\Microsoft.Common.CurrentVersion.targets" from project "D:\Projets\Perso\Pathfinder-fr\WikiExportParser\Src\Console\Console.csproj" (target "CoreBuild" depends on it):
Task "FindUnderPath"
  Comparison path is "D:\Projets\Perso\Pathfinder-fr\WikiExportParser\Bin\".
Done executing task "FindUnderPath".
Task "FindUnderPath"
  Comparison path is "obj\x86\Release\".
Done executing task "FindUnderPath".
Task "Delete"
Done executing task "Delete".
Task "RemoveDuplicates"
Done executing task "RemoveDuplicates".
Using "WriteLinesToFile" task from assembly "Microsoft.Build.Tasks.Core, Version=14.0.0.0, Culture=neutral, PublicKeyToken=b03f5f7f11d50a3a".
Task "WriteLinesToFile"
Done executing task "WriteLinesToFile".
Done building target "IncrementalClean" in project "Console.csproj".
Target "PostBuildEvent" skipped, due to false condition; ('$(PostBuildEvent)' != '' and ('$(RunPostBuildEvent)' != 'OnOutputUpdated' or '$(_AssemblyTimestampBeforeCompile)' != '$(_AssemblyTimestampAfterCompile)')) was evaluated as ('' != '' and ('' != 'OnOutputUpdated' or '' != '')).
Target "CoreBuild" in file "C:\Program Files (x86)\MSBuild\14.0\bin\Microsoft.Common.CurrentVersion.targets" from project "D:\Projets\Perso\Pathfinder-fr\WikiExportParser\Src\Console\Console.csproj" (target "Build" depends on it):
Done building target "CoreBuild" in project "Console.csproj".
Target "CreateTfsBuildInfoResource" skipped, due to false condition; ( $(AddBuildInfoToAssembly)==true ) was evaluated as ( false==true ).
Target "AfterBuild" in file "C:\Program Files (x86)\MSBuild\14.0\bin\Microsoft.Common.CurrentVersion.targets" from project "D:\Projets\Perso\Pathfinder-fr\WikiExportParser\Src\Console\Console.csproj" (target "Build" depends on it):
Done building target "AfterBuild" in project "Console.csproj".
Target "Build" in file "C:\Program Files (x86)\MSBuild\14.0\bin\Microsoft.Common.CurrentVersion.targets" from project "D:\Projets\Perso\Pathfinder-fr\WikiExportParser\Src\Console\Console.csproj" (entry point):
Done building target "Build" in project "Console.csproj".
Done Building Project "D:\Projets\Perso\Pathfinder-fr\WikiExportParser\Src\Console\Console.csproj" (default targets).

Done executing task "MSBuild".
Done building target "Build" in project "WikiExportParser.sln".
Done Building Project "D:\Projets\Perso\Pathfinder-fr\WikiExportParser\Src\WikiExportParser.sln" (Build target(s)).

Done executing task "MSBuild".
Done building target "Compile" in project "build.proj".
Target "Build" in project "D:\Projets\Perso\Pathfinder-fr\WikiExportParser\build.proj" (entry point):
Done building target "Build" in project "build.proj".
Done Building Project "D:\Projets\Perso\Pathfinder-fr\WikiExportParser\build.proj" (Build target(s)).


Build succeeded.
    0 Warning(s)
    0 Error(s)

Time Elapsed 00:00:28.37
